ionice: classe de veille spécifiée ignorée
ionice: classe de veille spécifiée ignorée
LIGHTTPD_GET_USER: user="www-data:www-data" (LighttpdUserAndGroup)
Your command line "--status " is not understood
use --help to see orders
Your command line "-status " is not understood
use --help to see orders
<SECURITY_MODULES>
[APP_AVESERVER] ""
[APP_KAS3] ""
[APP_MILTERGREYLIST] "4.2b1"
[APP_CLAMAV_MILTER] "0.95.3"
[APP_KAVMILTER] ""
[APP_NMAP] "5.00"
[APP_BOGOM] "1.9.2"
[APP_BOGOFILTER] "1.2.0"
[APP_STUNNEL] "4.27"
[APP_RSYNC] "3.0.6"
[APP_OCSI] "1.02"
[APP_JCHECKMAIL] ""
[APP_AMAVISD_NEW] "2.6.4 20090625"
[APP_AMAVISD_MILTER] "1.4.0"
[APP_ALTERMIME] ""
[APP_KAV4PROXY] "5.5.51"
[APP_DANSGUARDIAN] "2.10.1.1"
[APP_SPAMASSASSIN] "3.2.5"
[APP_KAV4SAMBA] "5.5.14"
[APP_CUPS_DRV] "1.2"
[APP_KRETRANSLATOR] "5.0.0.3/BETA build #6"
</SECURITY_MODULES>
<CORE_MODULES>
[APP_GDM] ""
[APP_XFCE] ""
[APP_INETD] "1.12"
[APP_SIMPLE_GROUPEWARE] ""
[APP_ATOPENMAIL] ""
[APP_XAPIAN] ""
[APP_XAPIAN_OMEGA] ""
[APP_XAPIAN_PHP] ""
[APP_XPDF] "0.12.0"
[APP_UNRTF] ""
[APP_UNZIP] "6.00"
[APP_CATDOC] ""
[APP_ANTIWORD] ""
[APP_DOTCLEAR] ""
[APP_DHCP] "3.1.2"
[APP_OBM] ""
[APP_OBM2] ""
[APP_GROUPWARE_APACHE] "2.2.12"
[APP_GROUPWARE_PHP] "5.2.10"
[APP_OPENGOO] ""
[APP_JOOMLA] "1.5.12"
[APP_EACCELERATOR] ""
[APP_SUGARCRM] "5.2.0f"
[APP_MAILSPY] ""
[APP_POLICYD_WEIGHT] "5"
[APP_POSTFIX] "2.6.5"
[APP_GNARWL] ""
[APP_MSMTP] "1.4.17"
[APP_PFLOGSUMM] "1.1.0"
[APP_SARG] "2.2.5"
[APP_GNUPLOT] ""
[APP_DSTAT] ""
[APP_SQUID] "3.0.STABLE19"
[APP_LDAP] "2.4.18"
[APP_RENATTACH] "1.2.4"
[APP_GEOIP] "20091101"
[APP_DNSMASQ] "2.50"
[APP_INADYN] "1.96.2"
[APP_SAMBA] "3.4.0"
[APP_SMBMOUNT] "1.12"
[APP_DAR] "2.3.9"
[APP_PRELOAD] "0.6.4"
[APP_WINEXE] "0.80"
[APP_CUPS] "1.4.1"
[APP_CUPS_BROTHER] ""
</CORE_MODULES>
<STAT_MODULES>
[APP_RRDTOOL] "1.3.1"
[APP_AWSTATS] ""
[APP_MAILGRAPH] "1.12.01"
[APP_SMARTMONTOOLS] ""
[APP_IMAPSYNC] ""
[APP_MAILSYNC] "5.2.2"
[APP_COLLECTD] ""
[APP_ISOQLOG] "2.2.1"
</STAT_MODULES>
<MAIL_MODULES>
[APP_CYRUS] "2.3.15"
[APP_CYRUS_IMAP] "2.3.15"
[APP_FETCHMAIL] "6.3.11"
[APP_FDM] ""
[APP_GETLIVE] "1.43.1"
[APP_HOTWAYD] ""
[APP_PROCMAIL] "3.22"
[APP_ROUNDCUBE] "0.3-stable"
[APP_ROUNDCUBE3] "0.3-stable"
[APP_POMMO] ""
[APP_MAILMAN] "2.1.12"
[APP_P3SCAN] ""
</MAIL_MODULES>
<SAMBA_MODULES>
</SAMBA_MODULES>
<LIB_MODULES>
[APP_LIBGSL] "0.0"
[APP_OPENSSL] "0.0"
[APP_PERL] "5.10.0"
[APP_MYSQL] "5.1.37"
</LIB_MODULES>

