This file contains any messages produced by compilers while
running configure, to aid debugging if configure makes a mistake.

It was created by amavisd-milter configure 1.4.0, which was
generated by GNU Autoconf 2.62.  Invocation command line was

  $ ./configure LD_LIBRARY_PATH=/lib:/usr/local/lib:/usr/lib/libmilter:/usr/lib CPPFLAGS=-I/usr/include/libmilter -I/usr/include -I/usr/local/include LDFLAGS=-L/lib -L/usr/local/lib -L/usr/lib/libmilter -L/usr/lib

## --------- ##
## Platform. ##
## --------- ##

hostname = postmail
uname -m = i686
uname -r = 2.6.26-1-486
uname -s = Linux
uname -v = #1 Sat Jan 10 17:46:23 UTC 2009

/usr/bin/uname -p = unknown
/bin/uname -X     = unknown

/bin/arch              = unknown
/usr/bin/arch -k       = unknown
/usr/convex/getsysinfo = unknown
/usr/bin/hostinfo      = unknown
/bin/machine           = unknown
/usr/bin/oslevel       = unknown
/bin/universe          = unknown

PATH: /sbin
PATH: /usr/sbin
PATH: /bin
PATH: /usr/bin


## ----------- ##
## Core tests. ##
## ----------- ##

configure:1906: checking build system type
configure:1924: result: i686-pc-linux-gnu
configure:1946: checking host system type
configure:1961: result: i686-pc-linux-gnu
configure:1983: checking target system type
configure:1998: result: i686-pc-linux-gnu
configure:2043: checking for a BSD-compatible install
configure:2111: result: /usr/bin/install -c
configure:2122: checking whether build environment is sane
configure:2165: result: yes
configure:2190: checking for a thread-safe mkdir -p
configure:2229: result: /bin/mkdir -p
configure:2242: checking for gawk
configure:2258: found /usr/bin/gawk
configure:2269: result: gawk
configure:2280: checking whether make sets $(MAKE)
configure:2302: result: yes
configure:2508: checking for a BSD-compatible install
configure:2576: result: /usr/bin/install -c
configure:2587: checking whether make sets $(MAKE)
configure:2609: result: yes
configure:2661: checking for ranlib
configure:2677: found /usr/bin/ranlib
configure:2688: result: ranlib
configure:2763: checking for gcc
configure:2779: found /usr/bin/gcc
configure:2790: result: gcc
configure:3028: checking for C compiler version
configure:3036: gcc --version >&5
gcc (Debian 4.3.2-1.1) 4.3.2
Copyright (C) 2008 Free Software Foundation, Inc.
This is free software; see the source for copying conditions.  There is NO
warranty; not even for MERCHANTABILITY or FITNESS FOR A PARTICULAR PURPOSE.

configure:3040: $? = 0
configure:3047: gcc -v >&5
Using built-in specs.
Target: i486-linux-gnu
Configured with: ../src/configure -v --with-pkgversion='Debian 4.3.2-1.1' --with-bugurl=file:///usr/share/doc/gcc-4.3/README.Bugs --enable-languages=c,c++,fortran,objc,obj-c++ --prefix=/usr --enable-shared --with-system-zlib --libexecdir=/usr/lib --without-included-gettext --enable-threads=posix --enable-nls --with-gxx-include-dir=/usr/include/c++/4.3 --program-suffix=-4.3 --enable-clocale=gnu --enable-libstdcxx-debug --enable-objc-gc --enable-mpfr --enable-targets=all --enable-cld --enable-checking=release --build=i486-linux-gnu --host=i486-linux-gnu --target=i486-linux-gnu
Thread model: posix
gcc version 4.3.2 (Debian 4.3.2-1.1) 
configure:3051: $? = 0
configure:3058: gcc -V >&5
gcc: '-V' option must have argument
configure:3062: $? = 1
configure:3085: checking for C compiler default output file name
configure:3107: gcc   -I/usr/include/libmilter -I/usr/include -I/usr/local/include -L/lib -L/usr/local/lib -L/usr/lib/libmilter -L/usr/lib conftest.c  >&5
configure:3111: $? = 0
configure:3149: result: a.out
configure:3166: checking whether the C compiler works
configure:3176: ./a.out
configure:3180: $? = 0
configure:3197: result: yes
configure:3204: checking whether we are cross compiling
configure:3206: result: no
configure:3209: checking for suffix of executables
configure:3216: gcc -o conftest   -I/usr/include/libmilter -I/usr/include -I/usr/local/include -L/lib -L/usr/local/lib -L/usr/lib/libmilter -L/usr/lib conftest.c  >&5
configure:3220: $? = 0
configure:3244: result: 
configure:3250: checking for suffix of object files
configure:3276: gcc -c   -I/usr/include/libmilter -I/usr/include -I/usr/local/include conftest.c >&5
configure:3280: $? = 0
configure:3303: result: o
configure:3307: checking whether we are using the GNU C compiler
configure:3336: gcc -c   -I/usr/include/libmilter -I/usr/include -I/usr/local/include conftest.c >&5
configure:3343: $? = 0
configure:3360: result: yes
configure:3369: checking whether gcc accepts -g
configure:3399: gcc -c -g -I/usr/include/libmilter -I/usr/include -I/usr/local/include conftest.c >&5
configure:3406: $? = 0
configure:3507: result: yes
configure:3524: checking for gcc option to accept ISO C89
configure:3598: gcc  -c   -I/usr/include/libmilter -I/usr/include -I/usr/local/include conftest.c >&5
configure:3605: $? = 0
configure:3628: result: none needed
configure:3657: checking for style of include used by make
configure:3685: result: GNU
configure:3710: checking dependency style of gcc
configure:3801: result: gcc3
configure:3817: checking whether gcc and cc understand -c and -o together
configure:3852: gcc -c conftest.c -o conftest2.o >&5
configure:3856: $? = 0
configure:3862: gcc -c conftest.c -o conftest2.o >&5
configure:3866: $? = 0
configure:3877: cc -c conftest.c >&5
configure:3881: $? = 0
configure:3889: cc -c conftest.c -o conftest2.o >&5
configure:3893: $? = 0
configure:3899: cc -c conftest.c -o conftest2.o >&5
configure:3903: $? = 0
configure:3921: result: yes
configure:4187: checking for the pthreads library -lpthreads
configure:4230: gcc -o conftest -O2 -DNDEBUG     -I/usr/include/libmilter -I/usr/include -I/usr/local/include -L/lib -L/usr/local/lib -L/usr/lib/libmilter -L/usr/lib conftest.c -lpthreads  >&5
/usr/bin/ld: cannot find -lpthreads
collect2: ld returned 1 exit status
configure:4237: $? = 1
configure: failed program was:
| /* confdefs.h.  */
| #define PACKAGE_NAME "amavisd-milter"
| #define PACKAGE_TARNAME "amavisd-milter"
| #define PACKAGE_VERSION "1.4.0"
| #define PACKAGE_STRING "amavisd-milter 1.4.0"
| #define PACKAGE_BUGREPORT ""
| #define PACKAGE "amavisd-milter"
| #define VERSION "1.4.0"
| /* end confdefs.h.  */
| #include <pthread.h>
| int
| main ()
| {
| pthread_t th; pthread_join(th, 0);
|                      pthread_attr_init(0); pthread_cleanup_push(0, 0);
|                      pthread_create(0,0,0,0); pthread_cleanup_pop(0);
|   ;
|   return 0;
| }
configure:4260: result: no
configure:4132: checking whether pthreads work without any flags
configure:4230: gcc -o conftest -O2 -DNDEBUG     -I/usr/include/libmilter -I/usr/include -I/usr/local/include -L/lib -L/usr/local/lib -L/usr/lib/libmilter -L/usr/lib conftest.c   >&5
/tmp/cc0TSnji.o: In function `main':
conftest.c:(.text+0x22): undefined reference to `pthread_join'
conftest.c:(.text+0x4f): undefined reference to `__pthread_register_cancel'
conftest.c:(.text+0x73): undefined reference to `pthread_create'
conftest.c:(.text+0x7a): undefined reference to `__pthread_unregister_cancel'
collect2: ld returned 1 exit status
configure:4237: $? = 1
configure: failed program was:
| /* confdefs.h.  */
| #define PACKAGE_NAME "amavisd-milter"
| #define PACKAGE_TARNAME "amavisd-milter"
| #define PACKAGE_VERSION "1.4.0"
| #define PACKAGE_STRING "amavisd-milter 1.4.0"
| #define PACKAGE_BUGREPORT ""
| #define PACKAGE "amavisd-milter"
| #define VERSION "1.4.0"
| /* end confdefs.h.  */
| #include <pthread.h>
| int
| main ()
| {
| pthread_t th; pthread_join(th, 0);
|                      pthread_attr_init(0); pthread_cleanup_push(0, 0);
|                      pthread_create(0,0,0,0); pthread_cleanup_pop(0);
|   ;
|   return 0;
| }
configure:4260: result: no
configure:4137: checking whether pthreads work with -Kthread
configure:4230: gcc -o conftest -O2 -DNDEBUG    -Kthread -I/usr/include/libmilter -I/usr/include -I/usr/local/include -L/lib -L/usr/local/lib -L/usr/lib/libmilter -L/usr/lib conftest.c   >&5
gcc: unrecognized option '-Kthread'
/tmp/cckg6xYq.o: In function `main':
conftest.c:(.text+0x22): undefined reference to `pthread_join'
conftest.c:(.text+0x4f): undefined reference to `__pthread_register_cancel'
conftest.c:(.text+0x73): undefined reference to `pthread_create'
conftest.c:(.text+0x7a): undefined reference to `__pthread_unregister_cancel'
collect2: ld returned 1 exit status
configure:4237: $? = 1
configure: failed program was:
| /* confdefs.h.  */
| #define PACKAGE_NAME "amavisd-milter"
| #define PACKAGE_TARNAME "amavisd-milter"
| #define PACKAGE_VERSION "1.4.0"
| #define PACKAGE_STRING "amavisd-milter 1.4.0"
| #define PACKAGE_BUGREPORT ""
| #define PACKAGE "amavisd-milter"
| #define VERSION "1.4.0"
| /* end confdefs.h.  */
| #include <pthread.h>
| int
| main ()
| {
| pthread_t th; pthread_join(th, 0);
|                      pthread_attr_init(0); pthread_cleanup_push(0, 0);
|                      pthread_create(0,0,0,0); pthread_cleanup_pop(0);
|   ;
|   return 0;
| }
configure:4260: result: no
configure:4137: checking whether pthreads work with -kthread
configure:4230: gcc -o conftest -O2 -DNDEBUG    -kthread -I/usr/include/libmilter -I/usr/include -I/usr/local/include -L/lib -L/usr/local/lib -L/usr/lib/libmilter -L/usr/lib conftest.c   >&5
gcc: unrecognized option '-kthread'
/tmp/ccWQnPkk.o: In function `main':
conftest.c:(.text+0x22): undefined reference to `pthread_join'
conftest.c:(.text+0x4f): undefined reference to `__pthread_register_cancel'
conftest.c:(.text+0x73): undefined reference to `pthread_create'
conftest.c:(.text+0x7a): undefined reference to `__pthread_unregister_cancel'
collect2: ld returned 1 exit status
configure:4237: $? = 1
configure: failed program was:
| /* confdefs.h.  */
| #define PACKAGE_NAME "amavisd-milter"
| #define PACKAGE_TARNAME "amavisd-milter"
| #define PACKAGE_VERSION "1.4.0"
| #define PACKAGE_STRING "amavisd-milter 1.4.0"
| #define PACKAGE_BUGREPORT ""
| #define PACKAGE "amavisd-milter"
| #define VERSION "1.4.0"
| /* end confdefs.h.  */
| #include <pthread.h>
| int
| main ()
| {
| pthread_t th; pthread_join(th, 0);
|                      pthread_attr_init(0); pthread_cleanup_push(0, 0);
|                      pthread_create(0,0,0,0); pthread_cleanup_pop(0);
|   ;
|   return 0;
| }
configure:4260: result: no
configure:4187: checking for the pthreads library -llthread
configure:4230: gcc -o conftest -O2 -DNDEBUG     -I/usr/include/libmilter -I/usr/include -I/usr/local/include -L/lib -L/usr/local/lib -L/usr/lib/libmilter -L/usr/lib conftest.c -llthread  >&5
/usr/bin/ld: cannot find -llthread
collect2: ld returned 1 exit status
configure:4237: $? = 1
configure: failed program was:
| /* confdefs.h.  */
| #define PACKAGE_NAME "amavisd-milter"
| #define PACKAGE_TARNAME "amavisd-milter"
| #define PACKAGE_VERSION "1.4.0"
| #define PACKAGE_STRING "amavisd-milter 1.4.0"
| #define PACKAGE_BUGREPORT ""
| #define PACKAGE "amavisd-milter"
| #define VERSION "1.4.0"
| /* end confdefs.h.  */
| #include <pthread.h>
| int
| main ()
| {
| pthread_t th; pthread_join(th, 0);
|                      pthread_attr_init(0); pthread_cleanup_push(0, 0);
|                      pthread_create(0,0,0,0); pthread_cleanup_pop(0);
|   ;
|   return 0;
| }
configure:4260: result: no
configure:4137: checking whether pthreads work with -pthread
configure:4230: gcc -o conftest -O2 -DNDEBUG    -pthread -I/usr/include/libmilter -I/usr/include -I/usr/local/include -L/lib -L/usr/local/lib -L/usr/lib/libmilter -L/usr/lib conftest.c   >&5
configure:4237: $? = 0
configure:4260: result: yes
configure:4279: checking for joinable pthread attribute
configure:4304: gcc -o conftest -O2 -DNDEBUG    -pthread -I/usr/include/libmilter -I/usr/include -I/usr/local/include -L/lib -L/usr/local/lib -L/usr/lib/libmilter -L/usr/lib conftest.c   >&5
configure:4311: $? = 0
configure:4331: result: PTHREAD_CREATE_JOINABLE
configure:4341: checking if more special flags are required for pthreads
configure:4348: result: no
configure:4410: checking whether to check for GCC pthread/shared inconsistencies
configure:4420: result: yes
configure:4446: checking whether -pthread is sufficient with -shared
configure:4471: gcc -o conftest -shared -fPIC -Wl,-z,defs -O2 -DNDEBUG    -pthread -I/usr/include/libmilter -I/usr/include -I/usr/local/include -L/lib -L/usr/local/lib -L/usr/lib/libmilter -L/usr/lib conftest.c   >&5
configure:4478: $? = 0
configure:4499: result: yes
configure:4685: checking for sem_timedwait
configure:4741: gcc -o conftest -O2 -DNDEBUG    -pthread -I/usr/include/libmilter -I/usr/include -I/usr/local/include -L/lib -L/usr/local/lib -L/usr/lib/libmilter -L/usr/lib conftest.c   >&5
configure:4748: $? = 0
configure:4770: result: yes
configure:4787: checking how to run the C preprocessor
configure:4827: gcc -E -I/usr/include/libmilter -I/usr/include -I/usr/local/include conftest.c
configure:4834: $? = 0
configure:4865: gcc -E -I/usr/include/libmilter -I/usr/include -I/usr/local/include conftest.c
conftest.c:12:28: error: ac_nonexistent.h: No such file or directory
configure:4872: $? = 1
configure: failed program was:
| /* confdefs.h.  */
| #define PACKAGE_NAME "amavisd-milter"
| #define PACKAGE_TARNAME "amavisd-milter"
| #define PACKAGE_VERSION "1.4.0"
| #define PACKAGE_STRING "amavisd-milter 1.4.0"
| #define PACKAGE_BUGREPORT ""
| #define PACKAGE "amavisd-milter"
| #define VERSION "1.4.0"
| #define HAVE_PTHREAD 1
| #define HAVE_SEM_TIMEDWAIT 1
| /* end confdefs.h.  */
| #include <ac_nonexistent.h>
configure:4905: result: gcc -E
configure:4934: gcc -E -I/usr/include/libmilter -I/usr/include -I/usr/local/include conftest.c
configure:4941: $? = 0
configure:4972: gcc -E -I/usr/include/libmilter -I/usr/include -I/usr/local/include conftest.c
conftest.c:12:28: error: ac_nonexistent.h: No such file or directory
configure:4979: $? = 1
configure: failed program was:
| /* confdefs.h.  */
| #define PACKAGE_NAME "amavisd-milter"
| #define PACKAGE_TARNAME "amavisd-milter"
| #define PACKAGE_VERSION "1.4.0"
| #define PACKAGE_STRING "amavisd-milter 1.4.0"
| #define PACKAGE_BUGREPORT ""
| #define PACKAGE "amavisd-milter"
| #define VERSION "1.4.0"
| #define HAVE_PTHREAD 1
| #define HAVE_SEM_TIMEDWAIT 1
| /* end confdefs.h.  */
| #include <ac_nonexistent.h>
configure:5017: checking for grep that handles long lines and -e
configure:5077: result: /bin/grep
configure:5082: checking for egrep
configure:5146: result: /bin/grep -E
configure:5151: checking for ANSI C header files
configure:5181: gcc -c -O2 -DNDEBUG    -pthread -I/usr/include/libmilter -I/usr/include -I/usr/local/include conftest.c >&5
configure:5188: $? = 0
configure:5287: gcc -o conftest -O2 -DNDEBUG    -pthread -I/usr/include/libmilter -I/usr/include -I/usr/local/include -L/lib -L/usr/local/lib -L/usr/lib/libmilter -L/usr/lib conftest.c   >&5
configure:5291: $? = 0
configure:5297: ./conftest
configure:5301: $? = 0
configure:5319: result: yes
configure:5343: checking for sys/types.h
configure:5364: gcc -c -O2 -DNDEBUG    -pthread -I/usr/include/libmilter -I/usr/include -I/usr/local/include conftest.c >&5
configure:5371: $? = 0
configure:5388: result: yes
configure:5343: checking for sys/stat.h
configure:5364: gcc -c -O2 -DNDEBUG    -pthread -I/usr/include/libmilter -I/usr/include -I/usr/local/include conftest.c >&5
configure:5371: $? = 0
configure:5388: result: yes
configure:5343: checking for stdlib.h
configure:5364: gcc -c -O2 -DNDEBUG    -pthread -I/usr/include/libmilter -I/usr/include -I/usr/local/include conftest.c >&5
configure:5371: $? = 0
configure:5388: result: yes
configure:5343: checking for string.h
configure:5364: gcc -c -O2 -DNDEBUG    -pthread -I/usr/include/libmilter -I/usr/include -I/usr/local/include conftest.c >&5
configure:5371: $? = 0
configure:5388: result: yes
configure:5343: checking for memory.h
configure:5364: gcc -c -O2 -DNDEBUG    -pthread -I/usr/include/libmilter -I/usr/include -I/usr/local/include conftest.c >&5
configure:5371: $? = 0
configure:5388: result: yes
configure:5343: checking for strings.h
configure:5364: gcc -c -O2 -DNDEBUG    -pthread -I/usr/include/libmilter -I/usr/include -I/usr/local/include conftest.c >&5
configure:5371: $? = 0
configure:5388: result: yes
configure:5343: checking for inttypes.h
configure:5364: gcc -c -O2 -DNDEBUG    -pthread -I/usr/include/libmilter -I/usr/include -I/usr/local/include conftest.c >&5
configure:5371: $? = 0
configure:5388: result: yes
configure:5343: checking for stdint.h
configure:5364: gcc -c -O2 -DNDEBUG    -pthread -I/usr/include/libmilter -I/usr/include -I/usr/local/include conftest.c >&5
configure:5371: $? = 0
configure:5388: result: yes
configure:5343: checking for unistd.h
configure:5364: gcc -c -O2 -DNDEBUG    -pthread -I/usr/include/libmilter -I/usr/include -I/usr/local/include conftest.c >&5
configure:5371: $? = 0
configure:5388: result: yes
configure:5401: checking for mode_t
configure:5429: gcc -c -O2 -DNDEBUG    -pthread -I/usr/include/libmilter -I/usr/include -I/usr/local/include conftest.c >&5
configure:5436: $? = 0
configure:5463: gcc -c -O2 -DNDEBUG    -pthread -I/usr/include/libmilter -I/usr/include -I/usr/local/include conftest.c >&5
conftest.c: In function 'main':
conftest.c:58: error: expected expression before ')' token
configure:5470: $? = 1
configure: failed program was:
| /* confdefs.h.  */
| #define PACKAGE_NAME "amavisd-milter"
| #define PACKAGE_TARNAME "amavisd-milter"
| #define PACKAGE_VERSION "1.4.0"
| #define PACKAGE_STRING "amavisd-milter 1.4.0"
| #define PACKAGE_BUGREPORT ""
| #define PACKAGE "amavisd-milter"
| #define VERSION "1.4.0"
| #define HAVE_PTHREAD 1
| #define HAVE_SEM_TIMEDWAIT 1
| #define STDC_HEADERS 1
| #define HAVE_SYS_TYPES_H 1
| #define HAVE_SYS_STAT_H 1
| #define HAVE_STDLIB_H 1
| #define HAVE_STRING_H 1
| #define HAVE_MEMORY_H 1
| #define HAVE_STRINGS_H 1
| #define HAVE_INTTYPES_H 1
| #define HAVE_STDINT_H 1
| #define HAVE_UNISTD_H 1
| /* end confdefs.h.  */
| #include <stdio.h>
| #ifdef HAVE_SYS_TYPES_H
| # include <sys/types.h>
| #endif
| #ifdef HAVE_SYS_STAT_H
| # include <sys/stat.h>
| #endif
| #ifdef STDC_HEADERS
| # include <stdlib.h>
| # include <stddef.h>
| #else
| # ifdef HAVE_STDLIB_H
| #  include <stdlib.h>
| # endif
| #endif
| #ifdef HAVE_STRING_H
| # if !defined STDC_HEADERS && defined HAVE_MEMORY_H
| #  include <memory.h>
| # endif
| # include <string.h>
| #endif
| #ifdef HAVE_STRINGS_H
| # include <strings.h>
| #endif
| #ifdef HAVE_INTTYPES_H
| # include <inttypes.h>
| #endif
| #ifdef HAVE_STDINT_H
| # include <stdint.h>
| #endif
| #ifdef HAVE_UNISTD_H
| # include <unistd.h>
| #endif
| int
| main ()
| {
| if (sizeof ((mode_t)))
| 	  return 0;
|   ;
|   return 0;
| }
configure:5493: result: yes
configure:5505: checking for size_t
configure:5533: gcc -c -O2 -DNDEBUG    -pthread -I/usr/include/libmilter -I/usr/include -I/usr/local/include conftest.c >&5
configure:5540: $? = 0
configure:5567: gcc -c -O2 -DNDEBUG    -pthread -I/usr/include/libmilter -I/usr/include -I/usr/local/include conftest.c >&5
conftest.c: In function 'main':
conftest.c:58: error: expected expression before ')' token
configure:5574: $? = 1
configure: failed program was:
| /* confdefs.h.  */
| #define PACKAGE_NAME "amavisd-milter"
| #define PACKAGE_TARNAME "amavisd-milter"
| #define PACKAGE_VERSION "1.4.0"
| #define PACKAGE_STRING "amavisd-milter 1.4.0"
| #define PACKAGE_BUGREPORT ""
| #define PACKAGE "amavisd-milter"
| #define VERSION "1.4.0"
| #define HAVE_PTHREAD 1
| #define HAVE_SEM_TIMEDWAIT 1
| #define STDC_HEADERS 1
| #define HAVE_SYS_TYPES_H 1
| #define HAVE_SYS_STAT_H 1
| #define HAVE_STDLIB_H 1
| #define HAVE_STRING_H 1
| #define HAVE_MEMORY_H 1
| #define HAVE_STRINGS_H 1
| #define HAVE_INTTYPES_H 1
| #define HAVE_STDINT_H 1
| #define HAVE_UNISTD_H 1
| /* end confdefs.h.  */
| #include <stdio.h>
| #ifdef HAVE_SYS_TYPES_H
| # include <sys/types.h>
| #endif
| #ifdef HAVE_SYS_STAT_H
| # include <sys/stat.h>
| #endif
| #ifdef STDC_HEADERS
| # include <stdlib.h>
| # include <stddef.h>
| #else
| # ifdef HAVE_STDLIB_H
| #  include <stdlib.h>
| # endif
| #endif
| #ifdef HAVE_STRING_H
| # if !defined STDC_HEADERS && defined HAVE_MEMORY_H
| #  include <memory.h>
| # endif
| # include <string.h>
| #endif
| #ifdef HAVE_STRINGS_H
| # include <strings.h>
| #endif
| #ifdef HAVE_INTTYPES_H
| # include <inttypes.h>
| #endif
| #ifdef HAVE_STDINT_H
| # include <stdint.h>
| #endif
| #ifdef HAVE_UNISTD_H
| # include <unistd.h>
| #endif
| int
| main ()
| {
| if (sizeof ((size_t)))
| 	  return 0;
|   ;
|   return 0;
| }
configure:5597: result: yes
configure:5617: checking for dirent.h that defines DIR
configure:5646: gcc -c -O2 -DNDEBUG    -pthread -I/usr/include/libmilter -I/usr/include -I/usr/local/include conftest.c >&5
configure:5653: $? = 0
configure:5670: result: yes
configure:5684: checking for library containing opendir
configure:5725: gcc -o conftest -O2 -DNDEBUG    -pthread -I/usr/include/libmilter -I/usr/include -I/usr/local/include -L/lib -L/usr/local/lib -L/usr/lib/libmilter -L/usr/lib conftest.c   >&5
configure:5732: $? = 0
configure:5763: result: none required
configure:5862: checking for d_namlen in struct dirent
configure:5903: gcc -c -O2 -DNDEBUG    -pthread -I/usr/include/libmilter -I/usr/include -I/usr/local/include conftest.c >&5
conftest.c: In function 'main':
conftest.c:44: error: 'struct dirent' has no member named 'd_namlen'
configure:5910: $? = 1
configure: failed program was:
| /* confdefs.h.  */
| #define PACKAGE_NAME "amavisd-milter"
| #define PACKAGE_TARNAME "amavisd-milter"
| #define PACKAGE_VERSION "1.4.0"
| #define PACKAGE_STRING "amavisd-milter 1.4.0"
| #define PACKAGE_BUGREPORT ""
| #define PACKAGE "amavisd-milter"
| #define VERSION "1.4.0"
| #define HAVE_PTHREAD 1
| #define HAVE_SEM_TIMEDWAIT 1
| #define STDC_HEADERS 1
| #define HAVE_SYS_TYPES_H 1
| #define HAVE_SYS_STAT_H 1
| #define HAVE_STDLIB_H 1
| #define HAVE_STRING_H 1
| #define HAVE_MEMORY_H 1
| #define HAVE_STRINGS_H 1
| #define HAVE_INTTYPES_H 1
| #define HAVE_STDINT_H 1
| #define HAVE_UNISTD_H 1
| #define HAVE_DIRENT_H 1
| /* end confdefs.h.  */
| 
|   #if HAVE_DIRENT_H
|   # include <dirent.h>
|   #else
|   # define dirent direct
|   # if HAVE_SYS_NDIR_H
|   #  include <sys/ndir.h>
|   # endif
|   # if HAVE_SYS_DIR_H
|   #  include <sys/dir.h>
|   # endif
|   # if HAVE_NDIR_H
|   #  include <ndir.h>
|   # endif
|   #endif
| 
| int
| main ()
| {
| 
|   struct dirent dp;
|   int X = dp.d_namlen;
| 
|   ;
|   return 0;
| }
configure:5926: result: no
configure:5933: checking for ANSI C header files
configure:6101: result: yes
configure:6111: checking for stdbool.h that conforms to C99
configure:6206: gcc -c -O2 -DNDEBUG    -pthread -I/usr/include/libmilter -I/usr/include -I/usr/local/include conftest.c >&5
configure:6213: $? = 0
configure:6228: result: yes
configure:6230: checking for _Bool
configure:6258: gcc -c -O2 -DNDEBUG    -pthread -I/usr/include/libmilter -I/usr/include -I/usr/local/include conftest.c >&5
configure:6265: $? = 0
configure:6292: gcc -c -O2 -DNDEBUG    -pthread -I/usr/include/libmilter -I/usr/include -I/usr/local/include conftest.c >&5
conftest.c: In function 'main':
conftest.c:60: error: expected expression before ')' token
configure:6299: $? = 1
configure: failed program was:
| /* confdefs.h.  */
| #define PACKAGE_NAME "amavisd-milter"
| #define PACKAGE_TARNAME "amavisd-milter"
| #define PACKAGE_VERSION "1.4.0"
| #define PACKAGE_STRING "amavisd-milter 1.4.0"
| #define PACKAGE_BUGREPORT ""
| #define PACKAGE "amavisd-milter"
| #define VERSION "1.4.0"
| #define HAVE_PTHREAD 1
| #define HAVE_SEM_TIMEDWAIT 1
| #define STDC_HEADERS 1
| #define HAVE_SYS_TYPES_H 1
| #define HAVE_SYS_STAT_H 1
| #define HAVE_STDLIB_H 1
| #define HAVE_STRING_H 1
| #define HAVE_MEMORY_H 1
| #define HAVE_STRINGS_H 1
| #define HAVE_INTTYPES_H 1
| #define HAVE_STDINT_H 1
| #define HAVE_UNISTD_H 1
| #define HAVE_DIRENT_H 1
| #define STDC_HEADERS 1
| /* end confdefs.h.  */
| #include <stdio.h>
| #ifdef HAVE_SYS_TYPES_H
| # include <sys/types.h>
| #endif
| #ifdef HAVE_SYS_STAT_H
| # include <sys/stat.h>
| #endif
| #ifdef STDC_HEADERS
| # include <stdlib.h>
| # include <stddef.h>
| #else
| # ifdef HAVE_STDLIB_H
| #  include <stdlib.h>
| # endif
| #endif
| #ifdef HAVE_STRING_H
| # if !defined STDC_HEADERS && defined HAVE_MEMORY_H
| #  include <memory.h>
| # endif
| # include <string.h>
| #endif
| #ifdef HAVE_STRINGS_H
| # include <strings.h>
| #endif
| #ifdef HAVE_INTTYPES_H
| # include <inttypes.h>
| #endif
| #ifdef HAVE_STDINT_H
| # include <stdint.h>
| #endif
| #ifdef HAVE_UNISTD_H
| # include <unistd.h>
| #endif
| int
| main ()
| {
| if (sizeof ((_Bool)))
| 	  return 0;
|   ;
|   return 0;
| }
configure:6322: result: yes
configure:6341: checking whether time.h and sys/time.h may both be included
configure:6371: gcc -c -O2 -DNDEBUG    -pthread -I/usr/include/libmilter -I/usr/include -I/usr/local/include conftest.c >&5
configure:6378: $? = 0
configure:6393: result: yes
configure:6403: checking whether struct tm is in sys/time.h or time.h
configure:6433: gcc -c -O2 -DNDEBUG    -pthread -I/usr/include/libmilter -I/usr/include -I/usr/local/include conftest.c >&5
configure:6440: $? = 0
configure:6455: result: time.h
configure:6465: checking for struct tm.tm_zone
configure:6496: gcc -c -O2 -DNDEBUG    -pthread -I/usr/include/libmilter -I/usr/include -I/usr/local/include conftest.c >&5
configure:6503: $? = 0
configure:6564: result: yes
configure:6756: checking arpa/inet.h usability
configure:6773: gcc -c -O2 -DNDEBUG    -pthread -I/usr/include/libmilter -I/usr/include -I/usr/local/include conftest.c >&5
configure:6780: $? = 0
configure:6794: result: yes
configure:6798: checking arpa/inet.h presence
configure:6813: gcc -E -I/usr/include/libmilter -I/usr/include -I/usr/local/include conftest.c
configure:6820: $? = 0
configure:6834: result: yes
configure:6862: checking for arpa/inet.h
configure:6871: result: yes
configure:6756: checking ctype.h usability
configure:6773: gcc -c -O2 -DNDEBUG    -pthread -I/usr/include/libmilter -I/usr/include -I/usr/local/include conftest.c >&5
configure:6780: $? = 0
configure:6794: result: yes
configure:6798: checking ctype.h presence
configure:6813: gcc -E -I/usr/include/libmilter -I/usr/include -I/usr/local/include conftest.c
configure:6820: $? = 0
configure:6834: result: yes
configure:6862: checking for ctype.h
configure:6871: result: yes
configure:6756: checking errno.h usability
configure:6773: gcc -c -O2 -DNDEBUG    -pthread -I/usr/include/libmilter -I/usr/include -I/usr/local/include conftest.c >&5
configure:6780: $? = 0
configure:6794: result: yes
configure:6798: checking errno.h presence
configure:6813: gcc -E -I/usr/include/libmilter -I/usr/include -I/usr/local/include conftest.c
configure:6820: $? = 0
configure:6834: result: yes
configure:6862: checking for errno.h
configure:6871: result: yes
configure:6756: checking fcntl.h usability
configure:6773: gcc -c -O2 -DNDEBUG    -pthread -I/usr/include/libmilter -I/usr/include -I/usr/local/include conftest.c >&5
configure:6780: $? = 0
configure:6794: result: yes
configure:6798: checking fcntl.h presence
configure:6813: gcc -E -I/usr/include/libmilter -I/usr/include -I/usr/local/include conftest.c
configure:6820: $? = 0
configure:6834: result: yes
configure:6862: checking for fcntl.h
configure:6871: result: yes
configure:6756: checking limits.h usability
configure:6773: gcc -c -O2 -DNDEBUG    -pthread -I/usr/include/libmilter -I/usr/include -I/usr/local/include conftest.c >&5
configure:6780: $? = 0
configure:6794: result: yes
configure:6798: checking limits.h presence
configure:6813: gcc -E -I/usr/include/libmilter -I/usr/include -I/usr/local/include conftest.c
configure:6820: $? = 0
configure:6834: result: yes
configure:6862: checking for limits.h
configure:6871: result: yes
configure:6756: checking netinet/in.h usability
configure:6773: gcc -c -O2 -DNDEBUG    -pthread -I/usr/include/libmilter -I/usr/include -I/usr/local/include conftest.c >&5
configure:6780: $? = 0
configure:6794: result: yes
configure:6798: checking netinet/in.h presence
configure:6813: gcc -E -I/usr/include/libmilter -I/usr/include -I/usr/local/include conftest.c
configure:6820: $? = 0
configure:6834: result: yes
configure:6862: checking for netinet/in.h
configure:6871: result: yes
configure:6756: checking stdarg.h usability
configure:6773: gcc -c -O2 -DNDEBUG    -pthread -I/usr/include/libmilter -I/usr/include -I/usr/local/include conftest.c >&5
configure:6780: $? = 0
configure:6794: result: yes
configure:6798: checking stdarg.h presence
configure:6813: gcc -E -I/usr/include/libmilter -I/usr/include -I/usr/local/include conftest.c
configure:6820: $? = 0
configure:6834: result: yes
configure:6862: checking for stdarg.h
configure:6871: result: yes
configure:6756: checking stdio.h usability
configure:6773: gcc -c -O2 -DNDEBUG    -pthread -I/usr/include/libmilter -I/usr/include -I/usr/local/include conftest.c >&5
configure:6780: $? = 0
configure:6794: result: yes
configure:6798: checking stdio.h presence
configure:6813: gcc -E -I/usr/include/libmilter -I/usr/include -I/usr/local/include conftest.c
configure:6820: $? = 0
configure:6834: result: yes
configure:6862: checking for stdio.h
configure:6871: result: yes
configure:6745: checking for stdlib.h
configure:6752: result: yes
configure:6745: checking for string.h
configure:6752: result: yes
configure:6756: checking sys/param.h usability
configure:6773: gcc -c -O2 -DNDEBUG    -pthread -I/usr/include/libmilter -I/usr/include -I/usr/local/include conftest.c >&5
configure:6780: $? = 0
configure:6794: result: yes
configure:6798: checking sys/param.h presence
configure:6813: gcc -E -I/usr/include/libmilter -I/usr/include -I/usr/local/include conftest.c
configure:6820: $? = 0
configure:6834: result: yes
configure:6862: checking for sys/param.h
configure:6871: result: yes
configure:6756: checking sys/time.h usability
configure:6773: gcc -c -O2 -DNDEBUG    -pthread -I/usr/include/libmilter -I/usr/include -I/usr/local/include conftest.c >&5
configure:6780: $? = 0
configure:6794: result: yes
configure:6798: checking sys/time.h presence
configure:6813: gcc -E -I/usr/include/libmilter -I/usr/include -I/usr/local/include conftest.c
configure:6820: $? = 0
configure:6834: result: yes
configure:6862: checking for sys/time.h
configure:6871: result: yes
configure:6745: checking for sys/types.h
configure:6752: result: yes
configure:6756: checking sys/socket.h usability
configure:6773: gcc -c -O2 -DNDEBUG    -pthread -I/usr/include/libmilter -I/usr/include -I/usr/local/include conftest.c >&5
configure:6780: $? = 0
configure:6794: result: yes
configure:6798: checking sys/socket.h presence
configure:6813: gcc -E -I/usr/include/libmilter -I/usr/include -I/usr/local/include conftest.c
configure:6820: $? = 0
configure:6834: result: yes
configure:6862: checking for sys/socket.h
configure:6871: result: yes
configure:6745: checking for sys/stat.h
configure:6752: result: yes
configure:6756: checking sys/un.h usability
configure:6773: gcc -c -O2 -DNDEBUG    -pthread -I/usr/include/libmilter -I/usr/include -I/usr/local/include conftest.c >&5
configure:6780: $? = 0
configure:6794: result: yes
configure:6798: checking sys/un.h presence
configure:6813: gcc -E -I/usr/include/libmilter -I/usr/include -I/usr/local/include conftest.c
configure:6820: $? = 0
configure:6834: result: yes
configure:6862: checking for sys/un.h
configure:6871: result: yes
configure:6756: checking syslog.h usability
configure:6773: gcc -c -O2 -DNDEBUG    -pthread -I/usr/include/libmilter -I/usr/include -I/usr/local/include conftest.c >&5
configure:6780: $? = 0
configure:6794: result: yes
configure:6798: checking syslog.h presence
configure:6813: gcc -E -I/usr/include/libmilter -I/usr/include -I/usr/local/include conftest.c
configure:6820: $? = 0
configure:6834: result: yes
configure:6862: checking for syslog.h
configure:6871: result: yes
configure:6756: checking sysexits.h usability
configure:6773: gcc -c -O2 -DNDEBUG    -pthread -I/usr/include/libmilter -I/usr/include -I/usr/local/include conftest.c >&5
configure:6780: $? = 0
configure:6794: result: yes
configure:6798: checking sysexits.h presence
configure:6813: gcc -E -I/usr/include/libmilter -I/usr/include -I/usr/local/include conftest.c
configure:6820: $? = 0
configure:6834: result: yes
configure:6862: checking for sysexits.h
configure:6871: result: yes
configure:6745: checking for unistd.h
configure:6752: result: yes
configure:6890: checking for sem_init in -lrt
configure:6925: gcc -o conftest -O2 -DNDEBUG    -pthread -I/usr/include/libmilter -I/usr/include -I/usr/local/include -L/lib -L/usr/local/lib -L/usr/lib/libmilter -L/usr/lib conftest.c -lrt    >&5
configure:6932: $? = 0
configure:6953: result: yes
configure:6960: checking if POSIX semaphores are working
configure:6989: gcc -o conftest -O2 -DNDEBUG    -pthread -I/usr/include/libmilter -I/usr/include -I/usr/local/include -L/lib -L/usr/local/lib -L/usr/lib/libmilter -L/usr/lib conftest.c   -lrt >&5
configure:6993: $? = 0
configure:6999: ./conftest
configure:7003: $? = 0
configure:7005: result: yes
configure:7040: checking fts.h usability
configure:7057: gcc -c -O2 -DNDEBUG    -pthread -I/usr/include/libmilter -I/usr/include -I/usr/local/include conftest.c >&5
configure:7064: $? = 0
configure:7078: result: yes
configure:7082: checking fts.h presence
configure:7097: gcc -E -I/usr/include/libmilter -I/usr/include -I/usr/local/include conftest.c
configure:7104: $? = 0
configure:7118: result: yes
configure:7146: checking for fts.h
configure:7155: result: yes
configure:7173: checking for arc4random
configure:7229: gcc -o conftest -O2 -DNDEBUG    -pthread -I/usr/include/libmilter -I/usr/include -I/usr/local/include -L/lib -L/usr/local/lib -L/usr/lib/libmilter -L/usr/lib conftest.c   -lrt >&5
/tmp/ccoYhmV5.o: In function `main':
conftest.c:(.text+0x12): undefined reference to `arc4random'
collect2: ld returned 1 exit status
configure:7236: $? = 1
configure: failed program was:
| /* confdefs.h.  */
| #define PACKAGE_NAME "amavisd-milter"
| #define PACKAGE_TARNAME "amavisd-milter"
| #define PACKAGE_VERSION "1.4.0"
| #define PACKAGE_STRING "amavisd-milter 1.4.0"
| #define PACKAGE_BUGREPORT ""
| #define PACKAGE "amavisd-milter"
| #define VERSION "1.4.0"
| #define HAVE_PTHREAD 1
| #define HAVE_SEM_TIMEDWAIT 1
| #define STDC_HEADERS 1
| #define HAVE_SYS_TYPES_H 1
| #define HAVE_SYS_STAT_H 1
| #define HAVE_STDLIB_H 1
| #define HAVE_STRING_H 1
| #define HAVE_MEMORY_H 1
| #define HAVE_STRINGS_H 1
| #define HAVE_INTTYPES_H 1
| #define HAVE_STDINT_H 1
| #define HAVE_UNISTD_H 1
| #define HAVE_DIRENT_H 1
| #define STDC_HEADERS 1
| #define HAVE__BOOL 1
| #define HAVE_STDBOOL_H 1
| #define TIME_WITH_SYS_TIME 1
| #define HAVE_STRUCT_TM_TM_ZONE 1
| #define HAVE_TM_ZONE 1
| #define HAVE_ARPA_INET_H 1
| #define HAVE_CTYPE_H 1
| #define HAVE_ERRNO_H 1
| #define HAVE_FCNTL_H 1
| #define HAVE_LIMITS_H 1
| #define HAVE_NETINET_IN_H 1
| #define HAVE_STDARG_H 1
| #define HAVE_STDIO_H 1
| #define HAVE_STDLIB_H 1
| #define HAVE_STRING_H 1
| #define HAVE_SYS_PARAM_H 1
| #define HAVE_SYS_TIME_H 1
| #define HAVE_SYS_TYPES_H 1
| #define HAVE_SYS_SOCKET_H 1
| #define HAVE_SYS_STAT_H 1
| #define HAVE_SYS_UN_H 1
| #define HAVE_SYSLOG_H 1
| #define HAVE_SYSEXITS_H 1
| #define HAVE_UNISTD_H 1
| #define HAVE_FTS_H 1
| /* end confdefs.h.  */
| /* Define arc4random to an innocuous variant, in case <limits.h> declares arc4random.
|    For example, HP-UX 11i <limits.h> declares gettimeofday.  */
| #define arc4random innocuous_arc4random
| 
| /* System header to define __stub macros and hopefully few prototypes,
|     which can conflict with char arc4random (); below.
|     Prefer <limits.h> to <assert.h> if __STDC__ is defined, since
|     <limits.h> exists even on freestanding compilers.  */
| 
| #ifdef __STDC__
| # include <limits.h>
| #else
| # include <assert.h>
| #endif
| 
| #undef arc4random
| 
| /* Override any GCC internal prototype to avoid an error.
|    Use char because int might match the return type of a GCC
|    builtin and then its argument prototype would still apply.  */
| #ifdef __cplusplus
| extern "C"
| #endif
| char arc4random ();
| /* The GNU C library defines this for functions which it implements
|     to always fail with ENOSYS.  Some functions are actually named
|     something starting with __ and the normal name is an alias.  */
| #if defined __stub_arc4random || defined __stub___arc4random
| choke me
| #endif
| 
| int
| main ()
| {
| return arc4random ();
|   ;
|   return 0;
| }
configure:7258: result: no
configure:7276: checking for daemon
configure:7332: gcc -o conftest -O2 -DNDEBUG    -pthread -I/usr/include/libmilter -I/usr/include -I/usr/local/include -L/lib -L/usr/local/lib -L/usr/lib/libmilter -L/usr/lib conftest.c   -lrt >&5
configure:7339: $? = 0
configure:7361: result: yes
configure:7276: checking for fts_open
configure:7332: gcc -o conftest -O2 -DNDEBUG    -pthread -I/usr/include/libmilter -I/usr/include -I/usr/local/include -L/lib -L/usr/local/lib -L/usr/lib/libmilter -L/usr/lib conftest.c   -lrt >&5
configure:7339: $? = 0
configure:7361: result: yes
configure:7276: checking for mkdtemp
configure:7332: gcc -o conftest -O2 -DNDEBUG    -pthread -I/usr/include/libmilter -I/usr/include -I/usr/local/include -L/lib -L/usr/local/lib -L/usr/lib/libmilter -L/usr/lib conftest.c   -lrt >&5
configure:7339: $? = 0
configure:7361: result: yes
configure:7276: checking for strlcpy
configure:7332: gcc -o conftest -O2 -DNDEBUG    -pthread -I/usr/include/libmilter -I/usr/include -I/usr/local/include -L/lib -L/usr/local/lib -L/usr/lib/libmilter -L/usr/lib conftest.c   -lrt >&5
/tmp/ccusxADy.o: In function `main':
conftest.c:(.text+0x12): undefined reference to `strlcpy'
collect2: ld returned 1 exit status
configure:7339: $? = 1
configure: failed program was:
| /* confdefs.h.  */
| #define PACKAGE_NAME "amavisd-milter"
| #define PACKAGE_TARNAME "amavisd-milter"
| #define PACKAGE_VERSION "1.4.0"
| #define PACKAGE_STRING "amavisd-milter 1.4.0"
| #define PACKAGE_BUGREPORT ""
| #define PACKAGE "amavisd-milter"
| #define VERSION "1.4.0"
| #define HAVE_PTHREAD 1
| #define HAVE_SEM_TIMEDWAIT 1
| #define STDC_HEADERS 1
| #define HAVE_SYS_TYPES_H 1
| #define HAVE_SYS_STAT_H 1
| #define HAVE_STDLIB_H 1
| #define HAVE_STRING_H 1
| #define HAVE_MEMORY_H 1
| #define HAVE_STRINGS_H 1
| #define HAVE_INTTYPES_H 1
| #define HAVE_STDINT_H 1
| #define HAVE_UNISTD_H 1
| #define HAVE_DIRENT_H 1
| #define STDC_HEADERS 1
| #define HAVE__BOOL 1
| #define HAVE_STDBOOL_H 1
| #define TIME_WITH_SYS_TIME 1
| #define HAVE_STRUCT_TM_TM_ZONE 1
| #define HAVE_TM_ZONE 1
| #define HAVE_ARPA_INET_H 1
| #define HAVE_CTYPE_H 1
| #define HAVE_ERRNO_H 1
| #define HAVE_FCNTL_H 1
| #define HAVE_LIMITS_H 1
| #define HAVE_NETINET_IN_H 1
| #define HAVE_STDARG_H 1
| #define HAVE_STDIO_H 1
| #define HAVE_STDLIB_H 1
| #define HAVE_STRING_H 1
| #define HAVE_SYS_PARAM_H 1
| #define HAVE_SYS_TIME_H 1
| #define HAVE_SYS_TYPES_H 1
| #define HAVE_SYS_SOCKET_H 1
| #define HAVE_SYS_STAT_H 1
| #define HAVE_SYS_UN_H 1
| #define HAVE_SYSLOG_H 1
| #define HAVE_SYSEXITS_H 1
| #define HAVE_UNISTD_H 1
| #define HAVE_FTS_H 1
| #define HAVE_DAEMON 1
| #define HAVE_FTS_OPEN 1
| #define HAVE_MKDTEMP 1
| /* end confdefs.h.  */
| /* Define strlcpy to an innocuous variant, in case <limits.h> declares strlcpy.
|    For example, HP-UX 11i <limits.h> declares gettimeofday.  */
| #define strlcpy innocuous_strlcpy
| 
| /* System header to define __stub macros and hopefully few prototypes,
|     which can conflict with char strlcpy (); below.
|     Prefer <limits.h> to <assert.h> if __STDC__ is defined, since
|     <limits.h> exists even on freestanding compilers.  */
| 
| #ifdef __STDC__
| # include <limits.h>
| #else
| # include <assert.h>
| #endif
| 
| #undef strlcpy
| 
| /* Override any GCC internal prototype to avoid an error.
|    Use char because int might match the return type of a GCC
|    builtin and then its argument prototype would still apply.  */
| #ifdef __cplusplus
| extern "C"
| #endif
| char strlcpy ();
| /* The GNU C library defines this for functions which it implements
|     to always fail with ENOSYS.  Some functions are actually named
|     something starting with __ and the normal name is an alias.  */
| #if defined __stub_strlcpy || defined __stub___strlcpy
| choke me
| #endif
| 
| int
| main ()
| {
| return strlcpy ();
|   ;
|   return 0;
| }
configure:7361: result: no
configure:7381: checking for inet_ntop
configure:7437: gcc -o conftest -O2 -DNDEBUG    -pthread -I/usr/include/libmilter -I/usr/include -I/usr/local/include -L/lib -L/usr/local/lib -L/usr/lib/libmilter -L/usr/lib conftest.c   -lrt >&5
configure:7444: $? = 0
configure:7464: result: yes
configure:7572: checking for dirent.h that defines DIR
configure:7625: result: yes
configure:7639: checking for library containing opendir
configure:7718: result: none required
configure:7816: checking for DIR.d_fd
configure:7845: gcc -c -O2 -DNDEBUG    -pthread -I/usr/include/libmilter -I/usr/include -I/usr/local/include conftest.c >&5
conftest.c: In function 'main':
conftest.c:58: error: storage size of 'ac_aggr' isn't known
configure:7852: $? = 1
configure: failed program was:
| /* confdefs.h.  */
| #define PACKAGE_NAME "amavisd-milter"
| #define PACKAGE_TARNAME "amavisd-milter"
| #define PACKAGE_VERSION "1.4.0"
| #define PACKAGE_STRING "amavisd-milter 1.4.0"
| #define PACKAGE_BUGREPORT ""
| #define PACKAGE "amavisd-milter"
| #define VERSION "1.4.0"
| #define HAVE_PTHREAD 1
| #define HAVE_SEM_TIMEDWAIT 1
| #define STDC_HEADERS 1
| #define HAVE_SYS_TYPES_H 1
| #define HAVE_SYS_STAT_H 1
| #define HAVE_STDLIB_H 1
| #define HAVE_STRING_H 1
| #define HAVE_MEMORY_H 1
| #define HAVE_STRINGS_H 1
| #define HAVE_INTTYPES_H 1
| #define HAVE_STDINT_H 1
| #define HAVE_UNISTD_H 1
| #define HAVE_DIRENT_H 1
| #define STDC_HEADERS 1
| #define HAVE__BOOL 1
| #define HAVE_STDBOOL_H 1
| #define TIME_WITH_SYS_TIME 1
| #define HAVE_STRUCT_TM_TM_ZONE 1
| #define HAVE_TM_ZONE 1
| #define HAVE_ARPA_INET_H 1
| #define HAVE_CTYPE_H 1
| #define HAVE_ERRNO_H 1
| #define HAVE_FCNTL_H 1
| #define HAVE_LIMITS_H 1
| #define HAVE_NETINET_IN_H 1
| #define HAVE_STDARG_H 1
| #define HAVE_STDIO_H 1
| #define HAVE_STDLIB_H 1
| #define HAVE_STRING_H 1
| #define HAVE_SYS_PARAM_H 1
| #define HAVE_SYS_TIME_H 1
| #define HAVE_SYS_TYPES_H 1
| #define HAVE_SYS_SOCKET_H 1
| #define HAVE_SYS_STAT_H 1
| #define HAVE_SYS_UN_H 1
| #define HAVE_SYSLOG_H 1
| #define HAVE_SYSEXITS_H 1
| #define HAVE_UNISTD_H 1
| #define HAVE_FTS_H 1
| #define HAVE_DAEMON 1
| #define HAVE_FTS_OPEN 1
| #define HAVE_MKDTEMP 1
| #define HAVE_DIRENT_H 1
| /* end confdefs.h.  */
| #include <dirent.h>
| 
| int
| main ()
| {
| static DIR ac_aggr;
| if (ac_aggr.d_fd)
| return 0;
|   ;
|   return 0;
| }
configure:7886: gcc -c -O2 -DNDEBUG    -pthread -I/usr/include/libmilter -I/usr/include -I/usr/local/include conftest.c >&5
conftest.c: In function 'main':
conftest.c:58: error: storage size of 'ac_aggr' isn't known
configure:7893: $? = 1
configure: failed program was:
| /* confdefs.h.  */
| #define PACKAGE_NAME "amavisd-milter"
| #define PACKAGE_TARNAME "amavisd-milter"
| #define PACKAGE_VERSION "1.4.0"
| #define PACKAGE_STRING "amavisd-milter 1.4.0"
| #define PACKAGE_BUGREPORT ""
| #define PACKAGE "amavisd-milter"
| #define VERSION "1.4.0"
| #define HAVE_PTHREAD 1
| #define HAVE_SEM_TIMEDWAIT 1
| #define STDC_HEADERS 1
| #define HAVE_SYS_TYPES_H 1
| #define HAVE_SYS_STAT_H 1
| #define HAVE_STDLIB_H 1
| #define HAVE_STRING_H 1
| #define HAVE_MEMORY_H 1
| #define HAVE_STRINGS_H 1
| #define HAVE_INTTYPES_H 1
| #define HAVE_STDINT_H 1
| #define HAVE_UNISTD_H 1
| #define HAVE_DIRENT_H 1
| #define STDC_HEADERS 1
| #define HAVE__BOOL 1
| #define HAVE_STDBOOL_H 1
| #define TIME_WITH_SYS_TIME 1
| #define HAVE_STRUCT_TM_TM_ZONE 1
| #define HAVE_TM_ZONE 1
| #define HAVE_ARPA_INET_H 1
| #define HAVE_CTYPE_H 1
| #define HAVE_ERRNO_H 1
| #define HAVE_FCNTL_H 1
| #define HAVE_LIMITS_H 1
| #define HAVE_NETINET_IN_H 1
| #define HAVE_STDARG_H 1
| #define HAVE_STDIO_H 1
| #define HAVE_STDLIB_H 1
| #define HAVE_STRING_H 1
| #define HAVE_SYS_PARAM_H 1
| #define HAVE_SYS_TIME_H 1
| #define HAVE_SYS_TYPES_H 1
| #define HAVE_SYS_SOCKET_H 1
| #define HAVE_SYS_STAT_H 1
| #define HAVE_SYS_UN_H 1
| #define HAVE_SYSLOG_H 1
| #define HAVE_SYSEXITS_H 1
| #define HAVE_UNISTD_H 1
| #define HAVE_FTS_H 1
| #define HAVE_DAEMON 1
| #define HAVE_FTS_OPEN 1
| #define HAVE_MKDTEMP 1
| #define HAVE_DIRENT_H 1
| /* end confdefs.h.  */
| #include <dirent.h>
| 
| int
| main ()
| {
| static DIR ac_aggr;
| if (sizeof ac_aggr.d_fd)
| return 0;
|   ;
|   return 0;
| }
configure:7911: result: no
configure:7921: checking for DIR.dd_fd
configure:7950: gcc -c -O2 -DNDEBUG    -pthread -I/usr/include/libmilter -I/usr/include -I/usr/local/include conftest.c >&5
conftest.c: In function 'main':
conftest.c:58: error: storage size of 'ac_aggr' isn't known
configure:7957: $? = 1
configure: failed program was:
| /* confdefs.h.  */
| #define PACKAGE_NAME "amavisd-milter"
| #define PACKAGE_TARNAME "amavisd-milter"
| #define PACKAGE_VERSION "1.4.0"
| #define PACKAGE_STRING "amavisd-milter 1.4.0"
| #define PACKAGE_BUGREPORT ""
| #define PACKAGE "amavisd-milter"
| #define VERSION "1.4.0"
| #define HAVE_PTHREAD 1
| #define HAVE_SEM_TIMEDWAIT 1
| #define STDC_HEADERS 1
| #define HAVE_SYS_TYPES_H 1
| #define HAVE_SYS_STAT_H 1
| #define HAVE_STDLIB_H 1
| #define HAVE_STRING_H 1
| #define HAVE_MEMORY_H 1
| #define HAVE_STRINGS_H 1
| #define HAVE_INTTYPES_H 1
| #define HAVE_STDINT_H 1
| #define HAVE_UNISTD_H 1
| #define HAVE_DIRENT_H 1
| #define STDC_HEADERS 1
| #define HAVE__BOOL 1
| #define HAVE_STDBOOL_H 1
| #define TIME_WITH_SYS_TIME 1
| #define HAVE_STRUCT_TM_TM_ZONE 1
| #define HAVE_TM_ZONE 1
| #define HAVE_ARPA_INET_H 1
| #define HAVE_CTYPE_H 1
| #define HAVE_ERRNO_H 1
| #define HAVE_FCNTL_H 1
| #define HAVE_LIMITS_H 1
| #define HAVE_NETINET_IN_H 1
| #define HAVE_STDARG_H 1
| #define HAVE_STDIO_H 1
| #define HAVE_STDLIB_H 1
| #define HAVE_STRING_H 1
| #define HAVE_SYS_PARAM_H 1
| #define HAVE_SYS_TIME_H 1
| #define HAVE_SYS_TYPES_H 1
| #define HAVE_SYS_SOCKET_H 1
| #define HAVE_SYS_STAT_H 1
| #define HAVE_SYS_UN_H 1
| #define HAVE_SYSLOG_H 1
| #define HAVE_SYSEXITS_H 1
| #define HAVE_UNISTD_H 1
| #define HAVE_FTS_H 1
| #define HAVE_DAEMON 1
| #define HAVE_FTS_OPEN 1
| #define HAVE_MKDTEMP 1
| #define HAVE_DIRENT_H 1
| /* end confdefs.h.  */
| #include <dirent.h>
| 
| int
| main ()
| {
| static DIR ac_aggr;
| if (ac_aggr.dd_fd)
| return 0;
|   ;
|   return 0;
| }
configure:7991: gcc -c -O2 -DNDEBUG    -pthread -I/usr/include/libmilter -I/usr/include -I/usr/local/include conftest.c >&5
conftest.c: In function 'main':
conftest.c:58: error: storage size of 'ac_aggr' isn't known
configure:7998: $? = 1
configure: failed program was:
| /* confdefs.h.  */
| #define PACKAGE_NAME "amavisd-milter"
| #define PACKAGE_TARNAME "amavisd-milter"
| #define PACKAGE_VERSION "1.4.0"
| #define PACKAGE_STRING "amavisd-milter 1.4.0"
| #define PACKAGE_BUGREPORT ""
| #define PACKAGE "amavisd-milter"
| #define VERSION "1.4.0"
| #define HAVE_PTHREAD 1
| #define HAVE_SEM_TIMEDWAIT 1
| #define STDC_HEADERS 1
| #define HAVE_SYS_TYPES_H 1
| #define HAVE_SYS_STAT_H 1
| #define HAVE_STDLIB_H 1
| #define HAVE_STRING_H 1
| #define HAVE_MEMORY_H 1
| #define HAVE_STRINGS_H 1
| #define HAVE_INTTYPES_H 1
| #define HAVE_STDINT_H 1
| #define HAVE_UNISTD_H 1
| #define HAVE_DIRENT_H 1
| #define STDC_HEADERS 1
| #define HAVE__BOOL 1
| #define HAVE_STDBOOL_H 1
| #define TIME_WITH_SYS_TIME 1
| #define HAVE_STRUCT_TM_TM_ZONE 1
| #define HAVE_TM_ZONE 1
| #define HAVE_ARPA_INET_H 1
| #define HAVE_CTYPE_H 1
| #define HAVE_ERRNO_H 1
| #define HAVE_FCNTL_H 1
| #define HAVE_LIMITS_H 1
| #define HAVE_NETINET_IN_H 1
| #define HAVE_STDARG_H 1
| #define HAVE_STDIO_H 1
| #define HAVE_STDLIB_H 1
| #define HAVE_STRING_H 1
| #define HAVE_SYS_PARAM_H 1
| #define HAVE_SYS_TIME_H 1
| #define HAVE_SYS_TYPES_H 1
| #define HAVE_SYS_SOCKET_H 1
| #define HAVE_SYS_STAT_H 1
| #define HAVE_SYS_UN_H 1
| #define HAVE_SYSLOG_H 1
| #define HAVE_SYSEXITS_H 1
| #define HAVE_UNISTD_H 1
| #define HAVE_FTS_H 1
| #define HAVE_DAEMON 1
| #define HAVE_FTS_OPEN 1
| #define HAVE_MKDTEMP 1
| #define HAVE_DIRENT_H 1
| /* end confdefs.h.  */
| #include <dirent.h>
| 
| int
| main ()
| {
| static DIR ac_aggr;
| if (sizeof ac_aggr.dd_fd)
| return 0;
|   ;
|   return 0;
| }
configure:8016: result: no
configure:8026: checking for DIR.__dd_fd
configure:8055: gcc -c -O2 -DNDEBUG    -pthread -I/usr/include/libmilter -I/usr/include -I/usr/local/include conftest.c >&5
conftest.c: In function 'main':
conftest.c:58: error: storage size of 'ac_aggr' isn't known
configure:8062: $? = 1
configure: failed program was:
| /* confdefs.h.  */
| #define PACKAGE_NAME "amavisd-milter"
| #define PACKAGE_TARNAME "amavisd-milter"
| #define PACKAGE_VERSION "1.4.0"
| #define PACKAGE_STRING "amavisd-milter 1.4.0"
| #define PACKAGE_BUGREPORT ""
| #define PACKAGE "amavisd-milter"
| #define VERSION "1.4.0"
| #define HAVE_PTHREAD 1
| #define HAVE_SEM_TIMEDWAIT 1
| #define STDC_HEADERS 1
| #define HAVE_SYS_TYPES_H 1
| #define HAVE_SYS_STAT_H 1
| #define HAVE_STDLIB_H 1
| #define HAVE_STRING_H 1
| #define HAVE_MEMORY_H 1
| #define HAVE_STRINGS_H 1
| #define HAVE_INTTYPES_H 1
| #define HAVE_STDINT_H 1
| #define HAVE_UNISTD_H 1
| #define HAVE_DIRENT_H 1
| #define STDC_HEADERS 1
| #define HAVE__BOOL 1
| #define HAVE_STDBOOL_H 1
| #define TIME_WITH_SYS_TIME 1
| #define HAVE_STRUCT_TM_TM_ZONE 1
| #define HAVE_TM_ZONE 1
| #define HAVE_ARPA_INET_H 1
| #define HAVE_CTYPE_H 1
| #define HAVE_ERRNO_H 1
| #define HAVE_FCNTL_H 1
| #define HAVE_LIMITS_H 1
| #define HAVE_NETINET_IN_H 1
| #define HAVE_STDARG_H 1
| #define HAVE_STDIO_H 1
| #define HAVE_STDLIB_H 1
| #define HAVE_STRING_H 1
| #define HAVE_SYS_PARAM_H 1
| #define HAVE_SYS_TIME_H 1
| #define HAVE_SYS_TYPES_H 1
| #define HAVE_SYS_SOCKET_H 1
| #define HAVE_SYS_STAT_H 1
| #define HAVE_SYS_UN_H 1
| #define HAVE_SYSLOG_H 1
| #define HAVE_SYSEXITS_H 1
| #define HAVE_UNISTD_H 1
| #define HAVE_FTS_H 1
| #define HAVE_DAEMON 1
| #define HAVE_FTS_OPEN 1
| #define HAVE_MKDTEMP 1
| #define HAVE_DIRENT_H 1
| /* end confdefs.h.  */
| #include <dirent.h>
| 
| int
| main ()
| {
| static DIR ac_aggr;
| if (ac_aggr.__dd_fd)
| return 0;
|   ;
|   return 0;
| }
configure:8096: gcc -c -O2 -DNDEBUG    -pthread -I/usr/include/libmilter -I/usr/include -I/usr/local/include conftest.c >&5
conftest.c: In function 'main':
conftest.c:58: error: storage size of 'ac_aggr' isn't known
configure:8103: $? = 1
configure: failed program was:
| /* confdefs.h.  */
| #define PACKAGE_NAME "amavisd-milter"
| #define PACKAGE_TARNAME "amavisd-milter"
| #define PACKAGE_VERSION "1.4.0"
| #define PACKAGE_STRING "amavisd-milter 1.4.0"
| #define PACKAGE_BUGREPORT ""
| #define PACKAGE "amavisd-milter"
| #define VERSION "1.4.0"
| #define HAVE_PTHREAD 1
| #define HAVE_SEM_TIMEDWAIT 1
| #define STDC_HEADERS 1
| #define HAVE_SYS_TYPES_H 1
| #define HAVE_SYS_STAT_H 1
| #define HAVE_STDLIB_H 1
| #define HAVE_STRING_H 1
| #define HAVE_MEMORY_H 1
| #define HAVE_STRINGS_H 1
| #define HAVE_INTTYPES_H 1
| #define HAVE_STDINT_H 1
| #define HAVE_UNISTD_H 1
| #define HAVE_DIRENT_H 1
| #define STDC_HEADERS 1
| #define HAVE__BOOL 1
| #define HAVE_STDBOOL_H 1
| #define TIME_WITH_SYS_TIME 1
| #define HAVE_STRUCT_TM_TM_ZONE 1
| #define HAVE_TM_ZONE 1
| #define HAVE_ARPA_INET_H 1
| #define HAVE_CTYPE_H 1
| #define HAVE_ERRNO_H 1
| #define HAVE_FCNTL_H 1
| #define HAVE_LIMITS_H 1
| #define HAVE_NETINET_IN_H 1
| #define HAVE_STDARG_H 1
| #define HAVE_STDIO_H 1
| #define HAVE_STDLIB_H 1
| #define HAVE_STRING_H 1
| #define HAVE_SYS_PARAM_H 1
| #define HAVE_SYS_TIME_H 1
| #define HAVE_SYS_TYPES_H 1
| #define HAVE_SYS_SOCKET_H 1
| #define HAVE_SYS_STAT_H 1
| #define HAVE_SYS_UN_H 1
| #define HAVE_SYSLOG_H 1
| #define HAVE_SYSEXITS_H 1
| #define HAVE_UNISTD_H 1
| #define HAVE_FTS_H 1
| #define HAVE_DAEMON 1
| #define HAVE_FTS_OPEN 1
| #define HAVE_MKDTEMP 1
| #define HAVE_DIRENT_H 1
| /* end confdefs.h.  */
| #include <dirent.h>
| 
| int
| main ()
| {
| static DIR ac_aggr;
| if (sizeof ac_aggr.__dd_fd)
| return 0;
|   ;
|   return 0;
| }
configure:8121: result: no
configure:8136: checking for dirfd
configure:8192: gcc -o conftest -O2 -DNDEBUG    -pthread -I/usr/include/libmilter -I/usr/include -I/usr/local/include -L/lib -L/usr/local/lib -L/usr/lib/libmilter -L/usr/lib conftest.c   -lrt >&5
configure:8199: $? = 0
configure:8221: result: yes
configure:8305: checking for inet_aton
configure:8361: gcc -o conftest -O2 -DNDEBUG    -pthread -I/usr/include/libmilter -I/usr/include -I/usr/local/include -L/lib -L/usr/local/lib -L/usr/lib/libmilter -L/usr/lib conftest.c   -lrt >&5
configure:8368: $? = 0
configure:8388: result: yes
configure:8482: checking for socket
configure:8538: gcc -o conftest -O2 -DNDEBUG    -pthread -I/usr/include/libmilter -I/usr/include -I/usr/local/include -L/lib -L/usr/local/lib -L/usr/lib/libmilter -L/usr/lib conftest.c   -lrt >&5
configure:8545: $? = 0
configure:8565: result: yes
configure:8659: checking for gethostbyname
configure:8715: gcc -o conftest -O2 -DNDEBUG    -pthread -I/usr/include/libmilter -I/usr/include -I/usr/local/include -L/lib -L/usr/local/lib -L/usr/lib/libmilter -L/usr/lib conftest.c   -lrt >&5
configure:8722: $? = 0
configure:8742: result: yes
configure:8838: checking if ld accepts --rpath
configure:8863: gcc -o conftest -O2 -DNDEBUG    -pthread -I/usr/include/libmilter -I/usr/include -I/usr/local/include -L/lib -L/usr/local/lib -L/usr/lib/libmilter -L/usr/lib -Wl,--rpath=/ conftest.c   -lrt >&5
configure:8870: $? = 0
configure:8890: result: yes
configure:8909: checking for sendmail install directory
configure:8911: result: default
configure:8924: checking libmilter/mfapi.h usability
configure:8941: gcc -c -O2 -DNDEBUG    -pthread -I/usr/include/libmilter -I/usr/include -I/usr/local/include conftest.c >&5
configure:8948: $? = 0
configure:8962: result: yes
configure:8966: checking libmilter/mfapi.h presence
configure:8981: gcc -E -I/usr/include/libmilter -I/usr/include -I/usr/local/include conftest.c
configure:8988: $? = 0
configure:9002: result: yes
configure:9030: checking for libmilter/mfapi.h
configure:9037: result: yes
configure:9043: checking for smfi_main in -lmilter
configure:9078: gcc -o conftest -O2 -DNDEBUG    -pthread -I/usr/include/libmilter -I/usr/include -I/usr/local/include -L/lib -L/usr/local/lib -L/usr/lib/libmilter -L/usr/lib conftest.c -lmilter    -lrt >&5
configure:9085: $? = 0
configure:9106: result: yes
configure:9533: checking if files required by libmilter are present
configure:9538: result: yes
configure:9560: checking for smfi_insheader
configure:9616: gcc -o conftest -O2 -DNDEBUG    -pthread -I/usr/include/libmilter -I/usr/include -I/usr/local/include   -L/lib -L/usr/local/lib -L/usr/lib/libmilter -L/usr/lib conftest.c -lmilter   -lrt >&5
configure:9623: $? = 0
configure:9645: result: yes
configure:9560: checking for smfi_opensocket
configure:9616: gcc -o conftest -O2 -DNDEBUG    -pthread -I/usr/include/libmilter -I/usr/include -I/usr/local/include   -L/lib -L/usr/local/lib -L/usr/lib/libmilter -L/usr/lib conftest.c -lmilter   -lrt >&5
configure:9623: $? = 0
configure:9645: result: yes
configure:9560: checking for smfi_progress
configure:9616: gcc -o conftest -O2 -DNDEBUG    -pthread -I/usr/include/libmilter -I/usr/include -I/usr/local/include   -L/lib -L/usr/local/lib -L/usr/lib/libmilter -L/usr/lib conftest.c -lmilter   -lrt >&5
configure:9623: $? = 0
configure:9645: result: yes
configure:9560: checking for smfi_quarantine
configure:9616: gcc -o conftest -O2 -DNDEBUG    -pthread -I/usr/include/libmilter -I/usr/include -I/usr/local/include   -L/lib -L/usr/local/lib -L/usr/lib/libmilter -L/usr/lib conftest.c -lmilter   -lrt >&5
configure:9623: $? = 0
configure:9645: result: yes
configure:9560: checking for smfi_setbacklog
configure:9616: gcc -o conftest -O2 -DNDEBUG    -pthread -I/usr/include/libmilter -I/usr/include -I/usr/local/include   -L/lib -L/usr/local/lib -L/usr/lib/libmilter -L/usr/lib conftest.c -lmilter   -lrt >&5
configure:9623: $? = 0
configure:9645: result: yes
configure:9675: checking wchar.h usability
configure:9692: gcc -c -O2 -DNDEBUG    -pthread -I/usr/include/libmilter -I/usr/include -I/usr/local/include  conftest.c >&5
configure:9699: $? = 0
configure:9713: result: yes
configure:9717: checking wchar.h presence
configure:9732: gcc -E -I/usr/include/libmilter -I/usr/include -I/usr/local/include  conftest.c
configure:9739: $? = 0
configure:9753: result: yes
configure:9781: checking for wchar.h
configure:9790: result: yes
configure:9805: checking for EILSEQ
configure:10228: result: yes
configure:10242: checking for EOVERFLOW
configure:10650: result: yes
configure:10664: checking whether AF_INET6 is declared
configure:10697: gcc -c -O2 -DNDEBUG    -pthread -I/usr/include/libmilter -I/usr/include -I/usr/local/include  conftest.c >&5
configure:10704: $? = 0
configure:10719: result: yes
configure:10739: checking whether INET6_ADDRSTRLEN is declared
configure:10773: gcc -c -O2 -DNDEBUG    -pthread -I/usr/include/libmilter -I/usr/include -I/usr/local/include  conftest.c >&5
configure:10780: $? = 0
configure:10795: result: yes
configure:10815: checking for struct sockaddr_in6
configure:10848: gcc -c -O2 -DNDEBUG    -pthread -I/usr/include/libmilter -I/usr/include -I/usr/local/include  conftest.c >&5
configure:10855: $? = 0
configure:10887: gcc -c -O2 -DNDEBUG    -pthread -I/usr/include/libmilter -I/usr/include -I/usr/local/include  conftest.c >&5
conftest.c: In function 'main':
conftest.c:71: error: expected expression before ')' token
configure:10894: $? = 1
configure: failed program was:
| /* confdefs.h.  */
| #define PACKAGE_NAME "amavisd-milter"
| #define PACKAGE_TARNAME "amavisd-milter"
| #define PACKAGE_VERSION "1.4.0"
| #define PACKAGE_STRING "amavisd-milter 1.4.0"
| #define PACKAGE_BUGREPORT ""
| #define PACKAGE "amavisd-milter"
| #define VERSION "1.4.0"
| #define HAVE_PTHREAD 1
| #define HAVE_SEM_TIMEDWAIT 1
| #define STDC_HEADERS 1
| #define HAVE_SYS_TYPES_H 1
| #define HAVE_SYS_STAT_H 1
| #define HAVE_STDLIB_H 1
| #define HAVE_STRING_H 1
| #define HAVE_MEMORY_H 1
| #define HAVE_STRINGS_H 1
| #define HAVE_INTTYPES_H 1
| #define HAVE_STDINT_H 1
| #define HAVE_UNISTD_H 1
| #define HAVE_DIRENT_H 1
| #define STDC_HEADERS 1
| #define HAVE__BOOL 1
| #define HAVE_STDBOOL_H 1
| #define TIME_WITH_SYS_TIME 1
| #define HAVE_STRUCT_TM_TM_ZONE 1
| #define HAVE_TM_ZONE 1
| #define HAVE_ARPA_INET_H 1
| #define HAVE_CTYPE_H 1
| #define HAVE_ERRNO_H 1
| #define HAVE_FCNTL_H 1
| #define HAVE_LIMITS_H 1
| #define HAVE_NETINET_IN_H 1
| #define HAVE_STDARG_H 1
| #define HAVE_STDIO_H 1
| #define HAVE_STDLIB_H 1
| #define HAVE_STRING_H 1
| #define HAVE_SYS_PARAM_H 1
| #define HAVE_SYS_TIME_H 1
| #define HAVE_SYS_TYPES_H 1
| #define HAVE_SYS_SOCKET_H 1
| #define HAVE_SYS_STAT_H 1
| #define HAVE_SYS_UN_H 1
| #define HAVE_SYSLOG_H 1
| #define HAVE_SYSEXITS_H 1
| #define HAVE_UNISTD_H 1
| #define HAVE_FTS_H 1
| #define HAVE_DAEMON 1
| #define HAVE_FTS_OPEN 1
| #define HAVE_MKDTEMP 1
| #define HAVE_DIRENT_H 1
| #define HAVE_DIRFD 1
| #define HAVE_SMFI_INSHEADER 1
| #define HAVE_SMFI_OPENSOCKET 1
| #define HAVE_SMFI_PROGRESS 1
| #define HAVE_SMFI_QUARANTINE 1
| #define HAVE_SMFI_SETBACKLOG 1
| #define HAVE_WCHAR_H 1
| #define HAVE_DECL_AF_INET6 1
| #define HAVE_DECL_INET6_ADDRSTRLEN 1
| /* end confdefs.h.  */
| 
|     #include <sys/types.h>
|     #include <sys/socket.h>
|     #include <netinet/in.h>
| 
| 
| int
| main ()
| {
| if (sizeof ((struct sockaddr_in6)))
| 	  return 0;
|   ;
|   return 0;
| }
configure:10917: result: yes
configure:11110: creating ./config.status

## ---------------------- ##
## Running config.status. ##
## ---------------------- ##

This file was extended by amavisd-milter config.status 1.4.0, which was
generated by GNU Autoconf 2.62.  Invocation command line was

  CONFIG_FILES    = 
  CONFIG_HEADERS  = 
  CONFIG_LINKS    = 
  CONFIG_COMMANDS = 
  $ ./config.status 

on postmail

config.status:840: creating Makefile
config.status:840: creating amavisd-milter/Makefile
config.status:840: creating compat/Makefile
config.status:840: creating autoconf.sh
config.status:840: creating config.h
config.status:1114: executing depfiles commands

## ---------------- ##
## Cache variables. ##
## ---------------- ##

ac_cv_build=i686-pc-linux-gnu
ac_cv_c_compiler_gnu=yes
ac_cv_decl_EILSEQ=yes
ac_cv_decl_EOVERFLOW=yes
ac_cv_env_CC_set=
ac_cv_env_CC_value=
ac_cv_env_CFLAGS_set=
ac_cv_env_CFLAGS_value=
ac_cv_env_CPPFLAGS_set=set
ac_cv_env_CPPFLAGS_value='-I/usr/include/libmilter -I/usr/include -I/usr/local/include'
ac_cv_env_CPP_set=
ac_cv_env_CPP_value=
ac_cv_env_LDFLAGS_set=set
ac_cv_env_LDFLAGS_value='-L/lib -L/usr/local/lib -L/usr/lib/libmilter -L/usr/lib'
ac_cv_env_LIBS_set=
ac_cv_env_LIBS_value=
ac_cv_env_build_alias_set=
ac_cv_env_build_alias_value=
ac_cv_env_host_alias_set=
ac_cv_env_host_alias_value=
ac_cv_env_target_alias_set=
ac_cv_env_target_alias_value=
ac_cv_func_arc4random=no
ac_cv_func_daemon=yes
ac_cv_func_dirfd=yes
ac_cv_func_fts_open=yes
ac_cv_func_gethostbyname=yes
ac_cv_func_inet_aton=yes
ac_cv_func_inet_ntop=yes
ac_cv_func_mkdtemp=yes
ac_cv_func_sem_timedwait=yes
ac_cv_func_smfi_insheader=yes
ac_cv_func_smfi_opensocket=yes
ac_cv_func_smfi_progress=yes
ac_cv_func_smfi_quarantine=yes
ac_cv_func_smfi_setbacklog=yes
ac_cv_func_socket=yes
ac_cv_func_strlcpy=no
ac_cv_have_decl_AF_INET6=yes
ac_cv_have_decl_INET6_ADDRSTRLEN=yes
ac_cv_header_arpa_inet_h=yes
ac_cv_header_ctype_h=yes
ac_cv_header_dirent_dirent_h=yes
ac_cv_header_errno_h=yes
ac_cv_header_fcntl_h=yes
ac_cv_header_fts_h=yes
ac_cv_header_inttypes_h=yes
ac_cv_header_libmilter_mfapi_h=yes
ac_cv_header_limits_h=yes
ac_cv_header_memory_h=yes
ac_cv_header_netinet_in_h=yes
ac_cv_header_stdarg_h=yes
ac_cv_header_stdbool_h=yes
ac_cv_header_stdc=yes
ac_cv_header_stdint_h=yes
ac_cv_header_stdio_h=yes
ac_cv_header_stdlib_h=yes
ac_cv_header_string_h=yes
ac_cv_header_strings_h=yes
ac_cv_header_sys_param_h=yes
ac_cv_header_sys_socket_h=yes
ac_cv_header_sys_stat_h=yes
ac_cv_header_sys_time_h=yes
ac_cv_header_sys_types_h=yes
ac_cv_header_sys_un_h=yes
ac_cv_header_sysexits_h=yes
ac_cv_header_syslog_h=yes
ac_cv_header_time=yes
ac_cv_header_unistd_h=yes
ac_cv_header_wchar_h=yes
ac_cv_host=i686-pc-linux-gnu
ac_cv_lib_milter_smfi_main=yes
ac_cv_lib_rt_sem_init=yes
ac_cv_member_DIR___dd_fd=no
ac_cv_member_DIR_d_fd=no
ac_cv_member_DIR_dd_fd=no
ac_cv_member_struct_tm_tm_zone=yes
ac_cv_objext=o
ac_cv_path_EGREP='/bin/grep -E'
ac_cv_path_GREP=/bin/grep
ac_cv_path_install='/usr/bin/install -c'
ac_cv_path_mkdir=/bin/mkdir
ac_cv_prog_AWK=gawk
ac_cv_prog_CPP='gcc -E'
ac_cv_prog_ac_ct_CC=gcc
ac_cv_prog_ac_ct_RANLIB=ranlib
ac_cv_prog_cc_c89=
ac_cv_prog_cc_g=yes
ac_cv_prog_cc_gcc_c_o=yes
ac_cv_prog_make_make_set=yes
ac_cv_search_opendir='none required'
ac_cv_struct_tm=time.h
ac_cv_target=i686-pc-linux-gnu
ac_cv_type__Bool=yes
ac_cv_type_mode_t=yes
ac_cv_type_size_t=yes
ac_cv_type_struct_sockaddr_in6=yes
am_cv_CC_dependencies_compiler_type=gcc3

## ----------------- ##
## Output variables. ##
## ----------------- ##

ACLOCAL='${SHELL} /usr/share/artica-postfix/bin/install/amavisd-milter-1.4.0/aclocal/missing --run aclocal-1.10'
AMDEPBACKSLASH='\'
AMDEP_FALSE='#'
AMDEP_TRUE=''
AMTAR='${SHELL} /usr/share/artica-postfix/bin/install/amavisd-milter-1.4.0/aclocal/missing --run tar'
AUTOCONF='${SHELL} /usr/share/artica-postfix/bin/install/amavisd-milter-1.4.0/aclocal/missing --run autoconf'
AUTOHEADER='${SHELL} /usr/share/artica-postfix/bin/install/amavisd-milter-1.4.0/aclocal/missing --run autoheader'
AUTOMAKE='${SHELL} /usr/share/artica-postfix/bin/install/amavisd-milter-1.4.0/aclocal/missing --run automake-1.10'
AWK='gawk'
CC='gcc'
CCDEPMODE='depmode=gcc3'
CFLAGS='-O2 -DNDEBUG    -pthread'
CPP='gcc -E'
CPPFLAGS='-I/usr/include/libmilter -I/usr/include -I/usr/local/include '
CYGPATH_W='echo'
DEFS='-DHAVE_CONFIG_H'
DEPDIR='.deps'
ECHO_C=''
ECHO_N='-n'
ECHO_T=''
EGREP='/bin/grep -E'
EILSEQ=''
EOVERFLOW=''
EXEEXT=''
GREP='/bin/grep'
INSTALL_DATA='${INSTALL} -m 644'
INSTALL_PROGRAM='${INSTALL}'
INSTALL_SCRIPT='${INSTALL}'
INSTALL_STRIP_PROGRAM='$(install_sh) -c -s'
LDFLAGS=' -L/lib -L/usr/local/lib -L/usr/lib/libmilter -L/usr/lib'
LIBOBJS=' ${LIBOBJDIR}strlcpy$U.o'
LIBS='-lmilter   -lrt'
LTLIBOBJS=' ${LIBOBJDIR}strlcpy$U.lo'
MAKEINFO='${SHELL} /usr/share/artica-postfix/bin/install/amavisd-milter-1.4.0/aclocal/missing --run makeinfo'
MILTER_CPPFLAGS=''
MILTER_LDFLAGS=''
MILTER_LIBS='-lmilter'
MKDIR_P='/bin/mkdir -p'
OBJEXT='o'
PACKAGE='amavisd-milter'
PACKAGE_BUGREPORT=''
PACKAGE_NAME='amavisd-milter'
PACKAGE_STRING='amavisd-milter 1.4.0'
PACKAGE_TARNAME='amavisd-milter'
PACKAGE_VERSION='1.4.0'
PATH_SEPARATOR=':'
PTHREAD_CC='gcc'
PTHREAD_CFLAGS='-pthread'
PTHREAD_LIBS=''
RANLIB='ranlib'
SENDMAIL_BASE_DIR=''
SENDMAIL_OBJ_DIR=''
SET_MAKE=''
SHELL='/bin/sh'
STRIP=''
VERSION='1.4.0'
ac_ct_CC='gcc'
acx_pthread_config=''
am__fastdepCC_FALSE='#'
am__fastdepCC_TRUE=''
am__include='include'
am__isrc=''
am__leading_dot='.'
am__quote=''
am__tar='${AMTAR} chof - "$$tardir"'
am__untar='${AMTAR} xf -'
bindir='${exec_prefix}/bin'
build='i686-pc-linux-gnu'
build_alias=''
build_cpu='i686'
build_os='linux-gnu'
build_vendor='pc'
datadir='${datarootdir}'
datarootdir='${prefix}/share'
docdir='${datarootdir}/doc/${PACKAGE_TARNAME}'
dvidir='${docdir}'
exec_prefix='${prefix}'
host='i686-pc-linux-gnu'
host_alias=''
host_cpu='i686'
host_os='linux-gnu'
host_vendor='pc'
htmldir='${docdir}'
includedir='${prefix}/include'
infodir='${datarootdir}/info'
install_sh='$(SHELL) /usr/share/artica-postfix/bin/install/amavisd-milter-1.4.0/aclocal/install-sh'
libdir='${exec_prefix}/lib'
libexecdir='${exec_prefix}/libexec'
localedir='${datarootdir}/locale'
localstatedir='/var/amavis'
mandir='${datarootdir}/man'
mkdir_p='/bin/mkdir -p'
oldincludedir='/usr/include'
pdfdir='${docdir}'
prefix='/usr/local'
program_transform_name='s,x,x,'
psdir='${docdir}'
sbindir='${exec_prefix}/sbin'
sharedstatedir='${prefix}/com'
sysconfdir='${prefix}/etc'
target='i686-pc-linux-gnu'
target_alias=''
target_cpu='i686'
target_os='linux-gnu'
target_vendor='pc'

## ----------- ##
## confdefs.h. ##
## ----------- ##

#define PACKAGE_NAME "amavisd-milter"
#define PACKAGE_TARNAME "amavisd-milter"
#define PACKAGE_VERSION "1.4.0"
#define PACKAGE_STRING "amavisd-milter 1.4.0"
#define PACKAGE_BUGREPORT ""
#define PACKAGE "amavisd-milter"
#define VERSION "1.4.0"
#define HAVE_PTHREAD 1
#define HAVE_SEM_TIMEDWAIT 1
#define STDC_HEADERS 1
#define HAVE_SYS_TYPES_H 1
#define HAVE_SYS_STAT_H 1
#define HAVE_STDLIB_H 1
#define HAVE_STRING_H 1
#define HAVE_MEMORY_H 1
#define HAVE_STRINGS_H 1
#define HAVE_INTTYPES_H 1
#define HAVE_STDINT_H 1
#define HAVE_UNISTD_H 1
#define HAVE_DIRENT_H 1
#define STDC_HEADERS 1
#define HAVE__BOOL 1
#define HAVE_STDBOOL_H 1
#define TIME_WITH_SYS_TIME 1
#define HAVE_STRUCT_TM_TM_ZONE 1
#define HAVE_TM_ZONE 1
#define HAVE_ARPA_INET_H 1
#define HAVE_CTYPE_H 1
#define HAVE_ERRNO_H 1
#define HAVE_FCNTL_H 1
#define HAVE_LIMITS_H 1
#define HAVE_NETINET_IN_H 1
#define HAVE_STDARG_H 1
#define HAVE_STDIO_H 1
#define HAVE_STDLIB_H 1
#define HAVE_STRING_H 1
#define HAVE_SYS_PARAM_H 1
#define HAVE_SYS_TIME_H 1
#define HAVE_SYS_TYPES_H 1
#define HAVE_SYS_SOCKET_H 1
#define HAVE_SYS_STAT_H 1
#define HAVE_SYS_UN_H 1
#define HAVE_SYSLOG_H 1
#define HAVE_SYSEXITS_H 1
#define HAVE_UNISTD_H 1
#define HAVE_FTS_H 1
#define HAVE_DAEMON 1
#define HAVE_FTS_OPEN 1
#define HAVE_MKDTEMP 1
#define HAVE_DIRENT_H 1
#define HAVE_DIRFD 1
#define HAVE_SMFI_INSHEADER 1
#define HAVE_SMFI_OPENSOCKET 1
#define HAVE_SMFI_PROGRESS 1
#define HAVE_SMFI_QUARANTINE 1
#define HAVE_SMFI_SETBACKLOG 1
#define HAVE_WCHAR_H 1
#define HAVE_DECL_AF_INET6 1
#define HAVE_DECL_INET6_ADDRSTRLEN 1
#define HAVE_STRUCT_SOCKADDR_IN6 1
#define LOCAL_STATE_DIR "/var/amavis"
#define WORKING_DIR LOCAL_STATE_DIR

configure: exit 0
