This file contains any messages produced by compilers while
running configure, to aid debugging if configure makes a mistake.

It was created by configure, which was
generated by GNU Autoconf 2.59.  Invocation command line was

  $ ./configure --enable-id-check --with-user=postfix --with-group=postfix

## --------- ##
## Platform. ##
## --------- ##

hostname = pc-touzeau.klf.fr
uname -m = i686
uname -r = 2.6.24-23-generic
uname -s = Linux
uname -v = #1 SMP Mon Jan 26 00:13:11 UTC 2009

/usr/bin/uname -p = unknown
/bin/uname -X     = unknown

/bin/arch              = unknown
/usr/bin/arch -k       = unknown
/usr/convex/getsysinfo = unknown
hostinfo               = unknown
/bin/machine           = unknown
/usr/bin/oslevel       = unknown
/bin/universe          = unknown

PATH: /usr/local/sbin
PATH: /usr/local/bin
PATH: /usr/sbin
PATH: /usr/bin
PATH: /sbin
PATH: /bin
PATH: /usr/X11R6/bin


## ----------- ##
## Core tests. ##
## ----------- ##

configure:1530: result: 
configure:1532: result: [1mConfiguring build[m
configure:1567: checking build system type
configure:1585: result: i686-pc-linux-gnu
configure:1593: checking host system type
configure:1607: result: i686-pc-linux-gnu
configure:1615: checking target system type
configure:1629: result: i686-pc-linux-gnu
configure:1658: checking for a BSD-compatible install
configure:1713: result: /usr/bin/install -c
configure:1724: checking whether build environment is sane
configure:1767: result: yes
configure:1800: checking for gawk
configure:1816: found /usr/bin/gawk
configure:1826: result: gawk
configure:1836: checking whether make sets $(MAKE)
configure:1856: result: yes
configure:2023: result: 
configure:2025: result: [1mChecking for apps[m
configure:2033: checking for gawk
configure:2059: result: gawk
configure:2115: checking for gcc
configure:2131: found /usr/bin/gcc
configure:2141: result: gcc
configure:2385: checking for C compiler version
configure:2388: gcc --version </dev/null >&5
gcc (GCC) 4.2.4 (Ubuntu 4.2.4-1ubuntu3)
Copyright (C) 2007 Free Software Foundation, Inc.
This is free software; see the source for copying conditions.  There is NO
warranty; not even for MERCHANTABILITY or FITNESS FOR A PARTICULAR PURPOSE.

configure:2391: $? = 0
configure:2393: gcc -v </dev/null >&5
Using built-in specs.
Target: i486-linux-gnu
Configured with: ../src/configure -v --enable-languages=c,c++,fortran,objc,obj-c++,treelang --prefix=/usr --enable-shared --with-system-zlib --libexecdir=/usr/lib --without-included-gettext --enable-threads=posix --enable-nls --with-gxx-include-dir=/usr/include/c++/4.2 --program-suffix=-4.2 --enable-clocale=gnu --enable-libstdcxx-debug --enable-objc-gc --enable-mpfr --enable-targets=all --enable-checking=release --build=i486-linux-gnu --host=i486-linux-gnu --target=i486-linux-gnu
Thread model: posix
gcc version 4.2.4 (Ubuntu 4.2.4-1ubuntu3)
configure:2396: $? = 0
configure:2398: gcc -V </dev/null >&5
gcc: '-V' option must have argument
configure:2401: $? = 1
configure:2424: checking for C compiler default output file name
configure:2427: gcc    conftest.c  >&5
configure:2430: $? = 0
configure:2476: result: a.out
configure:2481: checking whether the C compiler works
configure:2487: ./a.out
configure:2490: $? = 0
configure:2507: result: yes
configure:2514: checking whether we are cross compiling
configure:2516: result: no
configure:2519: checking for suffix of executables
configure:2521: gcc -o conftest    conftest.c  >&5
configure:2524: $? = 0
configure:2549: result: 
configure:2555: checking for suffix of object files
configure:2576: gcc -c   conftest.c >&5
configure:2579: $? = 0
configure:2601: result: o
configure:2605: checking whether we are using the GNU C compiler
configure:2629: gcc -c   conftest.c >&5
configure:2635: $? = 0
configure:2639: test -z 
			 || test ! -s conftest.err
configure:2642: $? = 0
configure:2645: test -s conftest.o
configure:2648: $? = 0
configure:2661: result: yes
configure:2667: checking whether gcc accepts -g
configure:2688: gcc -c -g  conftest.c >&5
configure:2694: $? = 0
configure:2698: test -z 
			 || test ! -s conftest.err
configure:2701: $? = 0
configure:2704: test -s conftest.o
configure:2707: $? = 0
configure:2718: result: yes
configure:2735: checking for gcc option to accept ANSI C
configure:2805: gcc  -c -g -O2  conftest.c >&5
configure:2811: $? = 0
configure:2815: test -z 
			 || test ! -s conftest.err
configure:2818: $? = 0
configure:2821: test -s conftest.o
configure:2824: $? = 0
configure:2842: result: none needed
configure:2860: gcc -c -g -O2  conftest.c >&5
conftest.c:2: error: expected '=', ',', ';', 'asm' or '__attribute__' before 'me'
configure:2866: $? = 1
configure: failed program was:
| #ifndef __cplusplus
|   choke me
| #endif
configure:3018: checking for style of include used by make
configure:3046: result: GNU
configure:3074: checking dependency style of gcc
configure:3136: result: none
configure:3142: checking whether gcc and cc understand -c and -o together
configure:3172: gcc -c conftest.c -o conftest.o >&5
configure:3175: $? = 0
configure:3177: gcc -c conftest.c -o conftest.o >&5
configure:3180: $? = 0
configure:3187: cc -c conftest.c >&5
configure:3190: $? = 0
configure:3193: cc -c conftest.c -o conftest.o >&5
configure:3196: $? = 0
configure:3198: cc -c conftest.c -o conftest.o >&5
configure:3201: $? = 0
configure:3219: result: yes
configure:3233: checking for cp
configure:3251: found /bin/cp
configure:3264: result: /bin/cp
configure:3273: checking for chmod
configure:3291: found /bin/chmod
configure:3304: result: /bin/chmod
configure:3313: checking for chown
configure:3331: found /bin/chown
configure:3344: result: /bin/chown
configure:3355: checking for gzcat
configure:3373: found /bin/gzcat
configure:3385: result: /bin/gzcat
configure:3400: checking for gnroff
configure:3433: result: no
configure:3400: checking for nroff
configure:3418: found /usr/bin/nroff
configure:3430: result: /usr/bin/nroff
configure:3444: checking for groff
configure:3462: found /usr/bin/groff
configure:3474: result: /usr/bin/groff
configure:3556: checking for a sed that does not truncate output
configure:3610: result: /bin/sed
configure:3613: checking for egrep
configure:3623: result: grep -E
configure:3639: checking for ld used by gcc
configure:3706: result: /usr/bin/ld
configure:3715: checking if the linker (/usr/bin/ld) is GNU ld
configure:3730: result: yes
configure:3735: checking for /usr/bin/ld option to reload object files
configure:3742: result: -r
configure:3751: checking for BSD-compatible nm
configure:3793: result: /usr/bin/nm -B
configure:3797: checking whether ln -s works
configure:3801: result: yes
configure:3808: checking how to recognise dependent libraries
configure:4008: result: pass_all
configure:4222: checking how to run the C preprocessor
configure:4257: gcc -E  conftest.c
configure:4263: $? = 0
configure:4295: gcc -E  conftest.c
conftest.c:11:28: error: ac_nonexistent.h: No such file or directory
configure:4301: $? = 1
configure: failed program was:
| /* confdefs.h.  */
| 
| #define PACKAGE_NAME ""
| #define PACKAGE_TARNAME ""
| #define PACKAGE_VERSION ""
| #define PACKAGE_STRING ""
| #define PACKAGE_BUGREPORT ""
| #define PACKAGE "amavis-stats"
| #define VERSION "0.1.22"
| /* end confdefs.h.  */
| #include <ac_nonexistent.h>
configure:4340: result: gcc -E
configure:4364: gcc -E  conftest.c
configure:4370: $? = 0
configure:4402: gcc -E  conftest.c
conftest.c:11:28: error: ac_nonexistent.h: No such file or directory
configure:4408: $? = 1
configure: failed program was:
| /* confdefs.h.  */
| 
| #define PACKAGE_NAME ""
| #define PACKAGE_TARNAME ""
| #define PACKAGE_VERSION ""
| #define PACKAGE_STRING ""
| #define PACKAGE_BUGREPORT ""
| #define PACKAGE "amavis-stats"
| #define VERSION "0.1.22"
| /* end confdefs.h.  */
| #include <ac_nonexistent.h>
configure:4452: checking for ANSI C header files
configure:4477: gcc -c -g -O2  conftest.c >&5
configure:4483: $? = 0
configure:4487: test -z 
			 || test ! -s conftest.err
configure:4490: $? = 0
configure:4493: test -s conftest.o
configure:4496: $? = 0
configure:4585: gcc -o conftest -g -O2   conftest.c  >&5
conftest.c: In function 'main':
conftest.c:28: warning: incompatible implicit declaration of built-in function 'exit'
configure:4588: $? = 0
configure:4590: ./conftest
configure:4593: $? = 0
configure:4608: result: yes
configure:4632: checking for sys/types.h
configure:4648: gcc -c -g -O2  conftest.c >&5
configure:4654: $? = 0
configure:4658: test -z 
			 || test ! -s conftest.err
configure:4661: $? = 0
configure:4664: test -s conftest.o
configure:4667: $? = 0
configure:4678: result: yes
configure:4632: checking for sys/stat.h
configure:4648: gcc -c -g -O2  conftest.c >&5
configure:4654: $? = 0
configure:4658: test -z 
			 || test ! -s conftest.err
configure:4661: $? = 0
configure:4664: test -s conftest.o
configure:4667: $? = 0
configure:4678: result: yes
configure:4632: checking for stdlib.h
configure:4648: gcc -c -g -O2  conftest.c >&5
configure:4654: $? = 0
configure:4658: test -z 
			 || test ! -s conftest.err
configure:4661: $? = 0
configure:4664: test -s conftest.o
configure:4667: $? = 0
configure:4678: result: yes
configure:4632: checking for string.h
configure:4648: gcc -c -g -O2  conftest.c >&5
configure:4654: $? = 0
configure:4658: test -z 
			 || test ! -s conftest.err
configure:4661: $? = 0
configure:4664: test -s conftest.o
configure:4667: $? = 0
configure:4678: result: yes
configure:4632: checking for memory.h
configure:4648: gcc -c -g -O2  conftest.c >&5
configure:4654: $? = 0
configure:4658: test -z 
			 || test ! -s conftest.err
configure:4661: $? = 0
configure:4664: test -s conftest.o
configure:4667: $? = 0
configure:4678: result: yes
configure:4632: checking for strings.h
configure:4648: gcc -c -g -O2  conftest.c >&5
configure:4654: $? = 0
configure:4658: test -z 
			 || test ! -s conftest.err
configure:4661: $? = 0
configure:4664: test -s conftest.o
configure:4667: $? = 0
configure:4678: result: yes
configure:4632: checking for inttypes.h
configure:4648: gcc -c -g -O2  conftest.c >&5
configure:4654: $? = 0
configure:4658: test -z 
			 || test ! -s conftest.err
configure:4661: $? = 0
configure:4664: test -s conftest.o
configure:4667: $? = 0
configure:4678: result: yes
configure:4632: checking for stdint.h
configure:4648: gcc -c -g -O2  conftest.c >&5
configure:4654: $? = 0
configure:4658: test -z 
			 || test ! -s conftest.err
configure:4661: $? = 0
configure:4664: test -s conftest.o
configure:4667: $? = 0
configure:4678: result: yes
configure:4632: checking for unistd.h
configure:4648: gcc -c -g -O2  conftest.c >&5
configure:4654: $? = 0
configure:4658: test -z 
			 || test ! -s conftest.err
configure:4661: $? = 0
configure:4664: test -s conftest.o
configure:4667: $? = 0
configure:4678: result: yes
configure:4704: checking dlfcn.h usability
configure:4716: gcc -c -g -O2  conftest.c >&5
configure:4722: $? = 0
configure:4726: test -z 
			 || test ! -s conftest.err
configure:4729: $? = 0
configure:4732: test -s conftest.o
configure:4735: $? = 0
configure:4745: result: yes
configure:4749: checking dlfcn.h presence
configure:4759: gcc -E  conftest.c
configure:4765: $? = 0
configure:4785: result: yes
configure:4820: checking for dlfcn.h
configure:4827: result: yes
configure:4892: checking for g++
configure:4908: found /usr/bin/g++
configure:4918: result: g++
configure:4934: checking for C++ compiler version
configure:4937: g++ --version </dev/null >&5
g++ (GCC) 4.2.4 (Ubuntu 4.2.4-1ubuntu3)
Copyright (C) 2007 Free Software Foundation, Inc.
This is free software; see the source for copying conditions.  There is NO
warranty; not even for MERCHANTABILITY or FITNESS FOR A PARTICULAR PURPOSE.

configure:4940: $? = 0
configure:4942: g++ -v </dev/null >&5
Using built-in specs.
Target: i486-linux-gnu
Configured with: ../src/configure -v --enable-languages=c,c++,fortran,objc,obj-c++,treelang --prefix=/usr --enable-shared --with-system-zlib --libexecdir=/usr/lib --without-included-gettext --enable-threads=posix --enable-nls --with-gxx-include-dir=/usr/include/c++/4.2 --program-suffix=-4.2 --enable-clocale=gnu --enable-libstdcxx-debug --enable-objc-gc --enable-mpfr --enable-targets=all --enable-checking=release --build=i486-linux-gnu --host=i486-linux-gnu --target=i486-linux-gnu
Thread model: posix
gcc version 4.2.4 (Ubuntu 4.2.4-1ubuntu3)
configure:4945: $? = 0
configure:4947: g++ -V </dev/null >&5
g++: '-V' option must have argument
configure:4950: $? = 1
configure:4953: checking whether we are using the GNU C++ compiler
configure:4977: g++ -c   conftest.cc >&5
configure:4983: $? = 0
configure:4987: test -z 
			 || test ! -s conftest.err
configure:4990: $? = 0
configure:4993: test -s conftest.o
configure:4996: $? = 0
configure:5009: result: yes
configure:5015: checking whether g++ accepts -g
configure:5036: g++ -c -g  conftest.cc >&5
configure:5042: $? = 0
configure:5046: test -z 
			 || test ! -s conftest.err
configure:5049: $? = 0
configure:5052: test -s conftest.o
configure:5055: $? = 0
configure:5066: result: yes
configure:5108: g++ -c -g -O2  conftest.cc >&5
configure:5114: $? = 0
configure:5118: test -z 
			 || test ! -s conftest.err
configure:5121: $? = 0
configure:5124: test -s conftest.o
configure:5127: $? = 0
configure:5153: g++ -c -g -O2  conftest.cc >&5
conftest.cc: In function 'int main()':
conftest.cc:26: error: 'exit' was not declared in this scope
configure:5159: $? = 1
configure: failed program was:
| /* confdefs.h.  */
| 
| #define PACKAGE_NAME ""
| #define PACKAGE_TARNAME ""
| #define PACKAGE_VERSION ""
| #define PACKAGE_STRING ""
| #define PACKAGE_BUGREPORT ""
| #define PACKAGE "amavis-stats"
| #define VERSION "0.1.22"
| #define STDC_HEADERS 1
| #define HAVE_SYS_TYPES_H 1
| #define HAVE_SYS_STAT_H 1
| #define HAVE_STDLIB_H 1
| #define HAVE_STRING_H 1
| #define HAVE_MEMORY_H 1
| #define HAVE_STRINGS_H 1
| #define HAVE_INTTYPES_H 1
| #define HAVE_STDINT_H 1
| #define HAVE_UNISTD_H 1
| #define HAVE_DLFCN_H 1
| /* end confdefs.h.  */
| 
| int
| main ()
| {
| exit (42);
|   ;
|   return 0;
| }
configure:5108: g++ -c -g -O2  conftest.cc >&5
conftest.cc:22: error: 'void std::exit(int)' should have been declared inside 'std'
configure:5114: $? = 1
configure: failed program was:
| /* confdefs.h.  */
| 
| #define PACKAGE_NAME ""
| #define PACKAGE_TARNAME ""
| #define PACKAGE_VERSION ""
| #define PACKAGE_STRING ""
| #define PACKAGE_BUGREPORT ""
| #define PACKAGE "amavis-stats"
| #define VERSION "0.1.22"
| #define STDC_HEADERS 1
| #define HAVE_SYS_TYPES_H 1
| #define HAVE_SYS_STAT_H 1
| #define HAVE_STDLIB_H 1
| #define HAVE_STRING_H 1
| #define HAVE_MEMORY_H 1
| #define HAVE_STRINGS_H 1
| #define HAVE_INTTYPES_H 1
| #define HAVE_STDINT_H 1
| #define HAVE_UNISTD_H 1
| #define HAVE_DLFCN_H 1
| /* end confdefs.h.  */
| extern "C" void std::exit (int) throw (); using std::exit;
| #include <stdlib.h>
| int
| main ()
| {
| exit (42);
|   ;
|   return 0;
| }
configure:5108: g++ -c -g -O2  conftest.cc >&5
conftest.cc:22: error: 'void std::exit(int)' should have been declared inside 'std'
In file included from conftest.cc:23:
/usr/include/stdlib.h:531: error: declaration of 'void std::exit(int) throw ()' throws different exceptions
conftest.cc:22: error: from previous declaration 'void std::exit(int)'
configure:5114: $? = 1
configure: failed program was:
| /* confdefs.h.  */
| 
| #define PACKAGE_NAME ""
| #define PACKAGE_TARNAME ""
| #define PACKAGE_VERSION ""
| #define PACKAGE_STRING ""
| #define PACKAGE_BUGREPORT ""
| #define PACKAGE "amavis-stats"
| #define VERSION "0.1.22"
| #define STDC_HEADERS 1
| #define HAVE_SYS_TYPES_H 1
| #define HAVE_SYS_STAT_H 1
| #define HAVE_STDLIB_H 1
| #define HAVE_STRING_H 1
| #define HAVE_MEMORY_H 1
| #define HAVE_STRINGS_H 1
| #define HAVE_INTTYPES_H 1
| #define HAVE_STDINT_H 1
| #define HAVE_UNISTD_H 1
| #define HAVE_DLFCN_H 1
| /* end confdefs.h.  */
| extern "C" void std::exit (int); using std::exit;
| #include <stdlib.h>
| int
| main ()
| {
| exit (42);
|   ;
|   return 0;
| }
configure:5108: g++ -c -g -O2  conftest.cc >&5
configure:5114: $? = 0
configure:5118: test -z 
			 || test ! -s conftest.err
configure:5121: $? = 0
configure:5124: test -s conftest.o
configure:5127: $? = 0
configure:5153: g++ -c -g -O2  conftest.cc >&5
configure:5159: $? = 0
configure:5163: test -z 
			 || test ! -s conftest.err
configure:5166: $? = 0
configure:5169: test -s conftest.o
configure:5172: $? = 0
configure:5197: checking dependency style of g++
configure:5259: result: none
configure:5269: checking how to run the C++ preprocessor
configure:5300: g++ -E  conftest.cc
configure:5306: $? = 0
configure:5338: g++ -E  conftest.cc
conftest.cc:25:28: error: ac_nonexistent.h: No such file or directory
configure:5344: $? = 1
configure: failed program was:
| /* confdefs.h.  */
| 
| #define PACKAGE_NAME ""
| #define PACKAGE_TARNAME ""
| #define PACKAGE_VERSION ""
| #define PACKAGE_STRING ""
| #define PACKAGE_BUGREPORT ""
| #define PACKAGE "amavis-stats"
| #define VERSION "0.1.22"
| #define STDC_HEADERS 1
| #define HAVE_SYS_TYPES_H 1
| #define HAVE_SYS_STAT_H 1
| #define HAVE_STDLIB_H 1
| #define HAVE_STRING_H 1
| #define HAVE_MEMORY_H 1
| #define HAVE_STRINGS_H 1
| #define HAVE_INTTYPES_H 1
| #define HAVE_STDINT_H 1
| #define HAVE_UNISTD_H 1
| #define HAVE_DLFCN_H 1
| #ifdef __cplusplus
| extern "C" void exit (int) throw ();
| #endif
| /* end confdefs.h.  */
| #include <ac_nonexistent.h>
configure:5383: result: g++ -E
configure:5407: g++ -E  conftest.cc
configure:5413: $? = 0
configure:5445: g++ -E  conftest.cc
conftest.cc:25:28: error: ac_nonexistent.h: No such file or directory
configure:5451: $? = 1
configure: failed program was:
| /* confdefs.h.  */
| 
| #define PACKAGE_NAME ""
| #define PACKAGE_TARNAME ""
| #define PACKAGE_VERSION ""
| #define PACKAGE_STRING ""
| #define PACKAGE_BUGREPORT ""
| #define PACKAGE "amavis-stats"
| #define VERSION "0.1.22"
| #define STDC_HEADERS 1
| #define HAVE_SYS_TYPES_H 1
| #define HAVE_SYS_STAT_H 1
| #define HAVE_STDLIB_H 1
| #define HAVE_STRING_H 1
| #define HAVE_MEMORY_H 1
| #define HAVE_STRINGS_H 1
| #define HAVE_INTTYPES_H 1
| #define HAVE_STDINT_H 1
| #define HAVE_UNISTD_H 1
| #define HAVE_DLFCN_H 1
| #ifdef __cplusplus
| extern "C" void exit (int) throw ();
| #endif
| /* end confdefs.h.  */
| #include <ac_nonexistent.h>
configure:5546: checking for g77
configure:5575: result: no
configure:5546: checking for f77
configure:5575: result: no
configure:5546: checking for xlf
configure:5575: result: no
configure:5546: checking for frt
configure:5575: result: no
configure:5546: checking for pgf77
configure:5575: result: no
configure:5546: checking for fort77
configure:5575: result: no
configure:5546: checking for fl32
configure:5575: result: no
configure:5546: checking for af77
configure:5575: result: no
configure:5546: checking for f90
configure:5575: result: no
configure:5546: checking for xlf90
configure:5575: result: no
configure:5546: checking for pgf90
configure:5575: result: no
configure:5546: checking for epcf90
configure:5575: result: no
configure:5546: checking for f95
configure:5575: result: no
configure:5546: checking for fort
configure:5575: result: no
configure:5546: checking for xlf95
configure:5575: result: no
configure:5546: checking for ifc
configure:5575: result: no
configure:5546: checking for efc
configure:5575: result: no
configure:5546: checking for pgf95
configure:5575: result: no
configure:5546: checking for lf95
configure:5575: result: no
configure:5546: checking for gfortran
configure:5575: result: no
configure:5587: checking for Fortran 77 compiler version
configure:5590:  --version </dev/null >&5
./configure: line 5591: --version: command not found
configure:5593: $? = 127
configure:5595:  -v </dev/null >&5
./configure: line 5596: -v: command not found
configure:5598: $? = 127
configure:5600:  -V </dev/null >&5
./configure: line 5601: -V: command not found
configure:5603: $? = 127
configure:5611: checking whether we are using the GNU Fortran 77 compiler
configure:5625:  -c  conftest.F >&5
./configure: line 5626: -c: command not found
configure:5631: $? = 127
configure: failed program was:
|       program main
| #ifndef __GNUC__
|        choke me
| #endif
| 
|       end
configure:5657: result: no
configure:5663: checking whether  accepts -g
configure:5675:  -c -g conftest.f >&5
./configure: line 5676: -c: command not found
configure:5681: $? = 127
configure: failed program was:
|       program main
| 
|       end
configure:5706: result: no
configure:5736: checking the maximum length of command line arguments
configure:5795: result: 32768
configure:5806: checking command to parse /usr/bin/nm -B output from gcc object
configure:5895: gcc -c -g -O2  conftest.c >&5
configure:5898: $? = 0
configure:5902: /usr/bin/nm -B conftest.o \| sed -n -e 's/^.*[ 	]\([ABCDGISTW][ABCDGISTW]*\)[ 	][ 	]*\(\)\([_A-Za-z][_A-Za-z0-9]*\)$/\1 \2\3 \3/p' \> conftest.nm
configure:5905: $? = 0
configure:5957: gcc -o conftest -g -O2   conftest.c conftstm.o >&5
configure:5960: $? = 0
configure:5998: result: ok
configure:6002: checking for objdir
configure:6017: result: .libs
configure:6110: checking for ar
configure:6126: found /usr/bin/ar
configure:6137: result: ar
configure:6190: checking for ranlib
configure:6206: found /usr/bin/ranlib
configure:6217: result: ranlib
configure:6270: checking for strip
configure:6286: found /usr/bin/strip
configure:6297: result: strip
configure:6559: checking if gcc static flag  works
configure:6582: result: yes
configure:6599: checking if gcc supports -fno-rtti -fno-exceptions
configure:6617: gcc -c -g -O2  -fno-rtti -fno-exceptions conftest.c >&5
cc1: warning: command line option "-fno-rtti" is valid for C++/ObjC++ but not for C
configure:6621: $? = 0
configure:6632: result: no
configure:6647: checking for gcc option to produce PIC
configure:6824: result: -fPIC
configure:6831: checking if gcc PIC flag -fPIC works
configure:6849: gcc -c -g -O2  -fPIC -DPIC conftest.c >&5
configure:6853: $? = 0
configure:6864: result: yes
configure:6888: checking if gcc supports -c -o file.o
configure:6916: gcc -c -g -O2  -o out/conftest2.o conftest.c >&5
configure:6920: $? = 0
configure:6937: result: yes
configure:6963: checking whether the gcc linker (/usr/bin/ld) supports shared libraries
configure:7791: result: yes
configure:7862: checking how to hardcode library paths into programs
configure:7887: result: immediate
configure:7901: checking whether stripping libraries is possible
configure:7906: result: yes
configure:7928: checking dynamic linker characteristics
configure:8439: result: GNU/Linux ld.so
configure:9251: checking if libtool supports shared libraries
configure:9253: result: yes
configure:9256: checking whether to build shared libraries
configure:9319: result: yes
configure:9322: checking whether to build static libraries
configure:9326: result: no
configure:9417: creating libtool
configure:9964: checking for ld used by g++
configure:10031: result: /usr/bin/ld
configure:10040: checking if the linker (/usr/bin/ld) is GNU ld
configure:10055: result: yes
configure:10106: checking whether the g++ linker (/usr/bin/ld) supports shared libraries
configure:10935: result: yes
configure:10953: g++ -c -g -O2  conftest.cc >&5
configure:10956: $? = 0
configure:11052: checking for g++ option to produce PIC
configure:11304: result: -fPIC
configure:11311: checking if g++ PIC flag -fPIC works
configure:11329: g++ -c -g -O2  -fPIC -DPIC conftest.cc >&5
configure:11333: $? = 0
configure:11344: result: yes
configure:11368: checking if g++ supports -c -o file.o
configure:11396: g++ -c -g -O2  -o out/conftest2.o conftest.cc >&5
configure:11400: $? = 0
configure:11417: result: yes
configure:11443: checking whether the g++ linker (/usr/bin/ld) supports shared libraries
configure:11468: result: yes
configure:11539: checking how to hardcode library paths into programs
configure:11564: result: immediate
configure:11578: checking whether stripping libraries is possible
configure:11583: result: yes
configure:11605: checking dynamic linker characteristics
configure:12116: result: GNU/Linux ld.so
configure:19237: checking for ln
configure:19255: found /bin/ln
configure:19268: result: /bin/ln
configure:19277: checking for mv
configure:19295: found /bin/mv
configure:19308: result: /bin/mv
configure:19317: checking for patch
configure:19335: found /usr/bin/patch
configure:19348: result: /usr/bin/patch
configure:19357: checking for perl
configure:19375: found /usr/bin/perl
configure:19388: result: /usr/bin/perl
configure:19397: checking for rm
configure:19415: found /bin/rm
configure:19428: result: /bin/rm
configure:19437: checking for sed
configure:19468: result: /bin/sed
configure:19479: checking for tar
configure:19497: found /bin/tar
configure:19509: result: /bin/tar
configure:19521: checking for tr
configure:19539: found /usr/bin/tr
configure:19552: result: /usr/bin/tr
configure:19704: result: 
configure:19706: result: [1mChecking if building PHP module[m
configure:19711: checking for rrdtool support
configure:19746: result: no
configure:20457: result: 
configure:20459: result: [1mChecking for user/group[m
configure:20472: checking for postfix using id
configure:20479: checking for getent
configure:20497: found /usr/bin/getent
configure:20509: result: /usr/bin/getent
configure:20545: result: yes, user postfix and group postfix exist.
configure:20607: result: 
configure:20609: result: [1mCreating files[m
configure:20757: creating ./config.status

## ---------------------- ##
## Running config.status. ##
## ---------------------- ##

This file was extended by config.status, which was
generated by GNU Autoconf 2.59.  Invocation command line was

  CONFIG_FILES    = 
  CONFIG_HEADERS  = 
  CONFIG_LINKS    = 
  CONFIG_COMMANDS = 
  $ ./config.status 

on pc-touzeau.klf.fr

config.status:750: creating doc/Makefile
config.status:750: creating etc/Makefile
config.status:750: creating sbin/Makefile
config.status:750: creating share/Makefile
config.status:750: creating startup/Makefile
config.status:750: creating php/Makefile
config.status:750: creating Makefile
config.status:854: creating config.h
config.status:1130: executing depfiles commands
configure:22111: result: 
configure:22113: result: [1mConfigure is DONE![m
configure:22179: result: 
configure:22185: result: [1mType 'make' to compile the software and use 'make install' to
install everything.

                -- Dale Walsh <buildsmart@daleenterprise.com>
[m

## ---------------- ##
## Cache variables. ##
## ---------------- ##

ac_cv_build=i686-pc-linux-gnu
ac_cv_build_alias=i686-pc-linux-gnu
ac_cv_c_compiler_gnu=yes
ac_cv_cxx_compiler_gnu=yes
ac_cv_env_CC_set=
ac_cv_env_CC_value=
ac_cv_env_CFLAGS_set=
ac_cv_env_CFLAGS_value=
ac_cv_env_CPPFLAGS_set=
ac_cv_env_CPPFLAGS_value=
ac_cv_env_CPP_set=
ac_cv_env_CPP_value=
ac_cv_env_CXXCPP_set=
ac_cv_env_CXXCPP_value=
ac_cv_env_CXXFLAGS_set=
ac_cv_env_CXXFLAGS_value=
ac_cv_env_CXX_set=
ac_cv_env_CXX_value=
ac_cv_env_F77_set=
ac_cv_env_F77_value=
ac_cv_env_FFLAGS_set=
ac_cv_env_FFLAGS_value=
ac_cv_env_LDFLAGS_set=
ac_cv_env_LDFLAGS_value=
ac_cv_env_build_alias_set=
ac_cv_env_build_alias_value=
ac_cv_env_host_alias_set=
ac_cv_env_host_alias_value=
ac_cv_env_target_alias_set=
ac_cv_env_target_alias_value=
ac_cv_exeext=
ac_cv_f77_compiler_gnu=no
ac_cv_header_dlfcn_h=yes
ac_cv_header_inttypes_h=yes
ac_cv_header_memory_h=yes
ac_cv_header_stdc=yes
ac_cv_header_stdint_h=yes
ac_cv_header_stdlib_h=yes
ac_cv_header_string_h=yes
ac_cv_header_strings_h=yes
ac_cv_header_sys_stat_h=yes
ac_cv_header_sys_types_h=yes
ac_cv_header_unistd_h=yes
ac_cv_host=i686-pc-linux-gnu
ac_cv_host_alias=i686-pc-linux-gnu
ac_cv_objext=o
ac_cv_path_CHMOD=/bin/chmod
ac_cv_path_CHOWN=/bin/chown
ac_cv_path_CP=/bin/cp
ac_cv_path_GETENT=/usr/bin/getent
ac_cv_path_GZCAT=/bin/gzcat
ac_cv_path_LN=/bin/ln
ac_cv_path_MV=/bin/mv
ac_cv_path_NROFF=/usr/bin/nroff
ac_cv_path_PATCH=/usr/bin/patch
ac_cv_path_PERL=/usr/bin/perl
ac_cv_path_RM=/bin/rm
ac_cv_path_SED=/bin/sed
ac_cv_path_TAR=/bin/tar
ac_cv_path_TR=/usr/bin/tr
ac_cv_path_TROFF=/usr/bin/groff
ac_cv_path_install='/usr/bin/install -c'
ac_cv_prog_AWK=gawk
ac_cv_prog_CPP='gcc -E'
ac_cv_prog_CXXCPP='g++ -E'
ac_cv_prog_ac_ct_AR=ar
ac_cv_prog_ac_ct_CC=gcc
ac_cv_prog_ac_ct_CXX=g++
ac_cv_prog_ac_ct_RANLIB=ranlib
ac_cv_prog_ac_ct_STRIP=strip
ac_cv_prog_cc_g=yes
ac_cv_prog_cc_gcc_c_o=yes
ac_cv_prog_cc_stdc=
ac_cv_prog_cxx_g=yes
ac_cv_prog_egrep='grep -E'
ac_cv_prog_f77_g=no
ac_cv_prog_make_make_set=yes
ac_cv_target=i686-pc-linux-gnu
ac_cv_target_alias=i686-pc-linux-gnu
am_cv_CC_dependencies_compiler_type=none
am_cv_CXX_dependencies_compiler_type=none
lt_cv_deplibs_check_method=pass_all
lt_cv_file_magic_cmd='$MAGIC_CMD'
lt_cv_file_magic_test_file='/lib/libc.so.6 /lib/libc-2.7.so'
lt_cv_ld_reload_flag=-r
lt_cv_objdir=.libs
lt_cv_path_LD=/usr/bin/ld
lt_cv_path_LDCXX=/usr/bin/ld
lt_cv_path_NM='/usr/bin/nm -B'
lt_cv_path_SED=/bin/sed
lt_cv_prog_compiler_c_o=yes
lt_cv_prog_compiler_c_o_CXX=yes
lt_cv_prog_compiler_rtti_exceptions=no
lt_cv_prog_gnu_ld=yes
lt_cv_prog_gnu_ldcxx=yes
lt_cv_sys_global_symbol_pipe='sed -n -e '\''s/^.*[ 	]\([ABCDGISTW][ABCDGISTW]*\)[ 	][ 	]*\(\)\([_A-Za-z][_A-Za-z0-9]*\)$/\1 \2\3 \3/p'\'''
lt_cv_sys_global_symbol_to_c_name_address='sed -n -e '\''s/^: \([^ ]*\) $/  {\"\1\", (lt_ptr) 0},/p'\'' -e '\''s/^[BCDEGRST] \([^ ]*\) \([^ ]*\)$/  {"\2", (lt_ptr) \&\2},/p'\'''
lt_cv_sys_global_symbol_to_cdecl='sed -n -e '\''s/^. .* \(.*\)$/extern int \1;/p'\'''
lt_cv_sys_max_cmd_len=32768
lt_lt_cv_prog_compiler_c_o='"yes"'
lt_lt_cv_prog_compiler_c_o_CXX='"yes"'
lt_lt_cv_sys_global_symbol_pipe='"sed -n -e '\''s/^.*[ 	]\\([ABCDGISTW][ABCDGISTW]*\\)[ 	][ 	]*\\(\\)\\([_A-Za-z][_A-Za-z0-9]*\\)\$/\\1 \\2\\3 \\3/p'\''"'
lt_lt_cv_sys_global_symbol_to_c_name_address='"sed -n -e '\''s/^: \\([^ ]*\\) \$/  {\\\"\\1\\\", (lt_ptr) 0},/p'\'' -e '\''s/^[BCDEGRST] \\([^ ]*\\) \\([^ ]*\\)\$/  {\"\\2\", (lt_ptr) \\&\\2},/p'\''"'
lt_lt_cv_sys_global_symbol_to_cdecl='"sed -n -e '\''s/^. .* \\(.*\\)\$/extern int \\1;/p'\''"'

## ----------------- ##
## Output variables. ##
## ----------------- ##

ACLOCAL='${SHELL} /home/dtouzeau/developpement/artica-postfix/bin/install/amavis-stats-0.1.22/missing --run aclocal-1.6'
AMDEPBACKSLASH='\'
AMDEP_FALSE='#'
AMDEP_TRUE=''
AMTAR='${SHELL} /home/dtouzeau/developpement/artica-postfix/bin/install/amavis-stats-0.1.22/missing --run tar'
AR='ar'
AUTOCONF='${SHELL} /home/dtouzeau/developpement/artica-postfix/bin/install/amavis-stats-0.1.22/missing --run autoconf'
AUTOHEADER='${SHELL} /home/dtouzeau/developpement/artica-postfix/bin/install/amavis-stats-0.1.22/missing --run autoheader'
AUTOMAKE='${SHELL} /home/dtouzeau/developpement/artica-postfix/bin/install/amavis-stats-0.1.22/missing --run automake-1.6'
AWK='gawk'
BUILD_DARWIN_PANTHER_FALSE=''
BUILD_DARWIN_PANTHER_TRUE='#'
BUILD_DARWIN_TIGER_FALSE=''
BUILD_DARWIN_TIGER_TRUE='#'
BUILD_GENTOO_FALSE=''
BUILD_GENTOO_TRUE='#'
BUILD_PHP_FALSE=''
BUILD_PHP_TRUE='#'
BUILD_STARTUP_FALSE=''
BUILD_STARTUP_TRUE='#'
CC='gcc'
CCDEPMODE='depmode=none'
CFLAGS='-g -O2'
CHMOD='/bin/chmod'
CHOWN='/bin/chown'
CP='/bin/cp'
CPP='gcc -E'
CPPFLAGS=' -DHAVE_CONFIG_H'
CXX='g++'
CXXCPP='g++ -E'
CXXDEPMODE='depmode=none'
CXXFLAGS='-g -O2'
DEFS='-DHAVE_CONFIG_H'
DEPDIR='.deps'
ECHO='echo'
ECHO_C=''
ECHO_N='-n'
ECHO_T=''
EGREP='grep -E'
EXEEXT=''
F77=''
FFLAGS=''
GETENT='/usr/bin/getent'
GZCAT='/bin/gzcat'
INSTALL_DATA='${INSTALL} -m 644'
INSTALL_PROGRAM='${INSTALL}'
INSTALL_SCRIPT='${INSTALL}'
INSTALL_STRIP_PROGRAM='${SHELL} $(install_sh) -c -s'
LDFLAGS=''
LIBOBJS=''
LIBS=''
LIBTOOL='$(SHELL) $(top_builddir)/libtool --silent'
LINK_CMD=''
LN='/bin/ln'
LN_S='ln -s'
LTLIBOBJS=''
MAKEINFO='${SHELL} /home/dtouzeau/developpement/artica-postfix/bin/install/amavis-stats-0.1.22/missing --run makeinfo'
MV='/bin/mv'
NROFF='/usr/bin/nroff'
OBJEXT='o'
PACKAGE='amavis-stats'
PACKAGE_BUGREPORT=''
PACKAGE_NAME=''
PACKAGE_STRING=''
PACKAGE_TARNAME=''
PACKAGE_VERSION=''
PATCH='/usr/bin/patch'
PATH_SEPARATOR=':'
PERL='/usr/bin/perl'
PHP_EXTENSION_DIR=''
PHP_INCLUDES=''
RANLIB='ranlib'
RM='/bin/rm'
SCAN_LOG_FILE='/var/log/amavis.log'
SED='/bin/sed'
SETRGID_FALSE=''
SETRGID_TRUE='#'
SET_MAKE=''
SHELL='/bin/bash'
SHLIB_DL_SUFFIX_NAME=''
SHLIB_SUFFIX_NAME=''
STRIP='strip'
TAR='/bin/tar'
TR='/usr/bin/tr'
TROFF='/usr/bin/groff'
VERSION='0.1.22'
WEB_GROUP='postfix'
WEB_USER='postfix'
ac_ct_AR='ar'
ac_ct_CC='gcc'
ac_ct_CXX='g++'
ac_ct_F77=''
ac_ct_RANLIB='ranlib'
ac_ct_STRIP='strip'
am__include='include'
am__quote=''
bindir='${exec_prefix}/bin'
build='i686-pc-linux-gnu'
build_alias=''
build_cpu='i686'
build_os='linux-gnu'
build_vendor='pc'
datadir='${prefix}/share'
exec_prefix='${prefix}'
host='i686-pc-linux-gnu'
host_alias=''
host_cpu='i686'
host_os='linux-gnu'
host_vendor='pc'
includedir='${prefix}/include'
infodir='${prefix}/info'
install_sh='/home/dtouzeau/developpement/artica-postfix/bin/install/amavis-stats-0.1.22/install-sh'
libdir='${exec_prefix}/lib'
libexecdir='${exec_prefix}/libexec'
localstatedir='${prefix}/var'
mandir='${prefix}/man'
oldincludedir='/usr/include'
prefix='/usr/local'
program_transform_name='s,x,x,'
sbindir='${exec_prefix}/sbin'
sharedstatedir='${prefix}/com'
sysconfdir='${prefix}/etc'
target='i686-pc-linux-gnu'
target_alias=''
target_cpu='i686'
target_os='linux-gnu'
target_vendor='pc'

## ----------- ##
## confdefs.h. ##
## ----------- ##

#define HAVE_DLFCN_H 1
#define HAVE_INTTYPES_H 1
#define HAVE_MEMORY_H 1
#define HAVE_STDINT_H 1
#define HAVE_STDLIB_H 1
#define HAVE_STRINGS_H 1
#define HAVE_STRING_H 1
#define HAVE_SYS_STAT_H 1
#define HAVE_SYS_TYPES_H 1
#define HAVE_UNISTD_H 1
#define PACKAGE "amavis-stats"
#define PACKAGE_BUGREPORT ""
#define PACKAGE_NAME ""
#define PACKAGE_STRING ""
#define PACKAGE_TARNAME ""
#define PACKAGE_VERSION ""
#define STDC_HEADERS 1
#define VERSION "0.1.22"
#define WEB_GROUP "postfix"
#define WEB_USER "postfix"
#endif
#ifdef __cplusplus
extern "C" void exit (int) throw ();

configure: exit 0
